0 "Grin" with pagerank: 0.0321444927784072
1 "Jet" with pagerank: 0.031728140411834464
2 "Trigger" with pagerank: 0.03129935690389651
3 "Web" with pagerank: 0.03009537138633029
4 "SN4" with pagerank: 0.029875338602555458
5 "Topless" with pagerank: 0.029514203580894988
6 "Scabs" with pagerank: 0.02842306973217107
7 "Patchback" with pagerank: 0.026458550191708865
8 "Gallatin" with pagerank: 0.02615687597983748
9 "Beescratch" with pagerank: 0.02465071685008855
10 "Kringel" with pagerank: 0.024640918846391975
11 "SN63" with pagerank: 0.02393924439899178
12 "Feather" with pagerank: 0.023458479345088122
13 "SN9" with pagerank: 0.021966365995797262
14 "Stripes" with pagerank: 0.02169112511330367
15 "Upbang" with pagerank: 0.021650877070279854
16 "SN100" with pagerank: 0.020613389435198044
17 "DN21" with pagerank: 0.020053629300546966
18 "Haecksel" with pagerank: 0.01988308132216314
19 "Jonah" with pagerank: 0.01939555066553152
20 "TR99" with pagerank: 0.01923194469251731
21 "SN96" with pagerank: 0.01761865034264549
22 "TR77" with pagerank: 0.01733951802489748
23 "Number1" with pagerank: 0.017130091104309537
24 "Double" with pagerank: 0.017098300843224105
25 "Beak" with pagerank: 0.01696539172477343
26 "MN105" with pagerank: 0.016938990081734762
27 "MN83" with pagerank: 0.016905755994837
28 "Hook" with pagerank: 0.01662681640793395
29 "SN90" with pagerank: 0.016137566915544518
30 "Shmuddel" with pagerank: 0.01591993588190607
31 "DN63" with pagerank: 0.015643030468944635
32 "PL" with pagerank: 0.015302095254271852
33 "Fish" with pagerank: 0.015108397537163892
34 "Oscar" with pagerank: 0.014845738594616593
35 "Zap" with pagerank: 0.01476791998048978
36 "DN16" with pagerank: 0.014428047633219613
37 "Bumper" with pagerank: 0.013338079741652348
38 "Ripplefluke" with pagerank: 0.013308677268103317
39 "Knit" with pagerank: 0.012928199949857182
40 "Thumper" with pagerank: 0.012830828492125492
41 "TSN103" with pagerank: 0.012072590588571276
42 "Mus" with pagerank: 0.011504222919712917
43 "Notch" with pagerank: 0.011210138819085998
44 "Zipfel" with pagerank: 0.011039191065483012
45 "MN60" with pagerank: 0.009863497610905643
46 "CCL" with pagerank: 0.009629062093285823
47 "TR88" with pagerank: 0.00887674964149147
48 "TR120" with pagerank: 0.008825895771500315
49 "Wave" with pagerank: 0.008326245778414376
50 "TSN83" with pagerank: 0.008181047975755175
51 "SN89" with pagerank: 0.007764749901086127
52 "Vau" with pagerank: 0.007494174336062283
53 "Zig" with pagerank: 0.0061901467313756914
54 "MN23" with pagerank: 0.005415901433191446
55 "Quasi" with pagerank: 0.005415901433191446
56 "TR82" with pagerank: 0.005261695469672036
57 "Cross" with pagerank: 0.005079800175526608
58 "Five" with pagerank: 0.005079800175526608
59 "Whitetip" with pagerank: 0.004962899556088826
60 "SMN5" with pagerank: 0.0049182179123568055
61 "Fork" with pagerank: 0.00483531576593051
Read time: 0.000732 seconds
Processing time: 0.173693 seconds

Number of iterations: 100
