0 34 with pagerank: 0.10091918233262562
1 1 with pagerank: 0.09699728538829493
2 33 with pagerank: 0.07169322600575435
3 3 with pagerank: 0.05707850948846201
4 2 with pagerank: 0.052876924061145775
5 32 with pagerank: 0.037158087069145244
6 4 with pagerank: 0.035859857786411424
7 24 with pagerank: 0.03152251477667798
8 9 with pagerank: 0.029766056081016942
9 14 with pagerank: 0.02953645615191369
10 7 with pagerank: 0.029111154678370253
11 6 with pagerank: 0.029111154678370253
12 30 with pagerank: 0.026288537695114828
13 28 with pagerank: 0.02563976748284794
14 31 with pagerank: 0.024590155248580103
15 8 with pagerank: 0.024490497035282412
16 5 with pagerank: 0.021977952364589607
17 11 with pagerank: 0.021977952364589607
18 25 with pagerank: 0.021076033559222784
19 26 with pagerank: 0.021006197394492967
20 20 with pagerank: 0.019604636325652798
21 29 with pagerank: 0.01957345946382848
22 17 with pagerank: 0.016784005444189724
23 27 with pagerank: 0.01504403808272553
24 13 with pagerank: 0.014644892011877145
25 18 with pagerank: 0.014558677209021518
26 22 with pagerank: 0.014558677209021518
27 15 with pagerank: 0.014535993997921229
28 16 with pagerank: 0.014535993997921229
29 19 with pagerank: 0.014535993997921229
30 21 with pagerank: 0.014535993997921229
31 23 with pagerank: 0.014535993997921229
32 10 with pagerank: 0.014309397129032904
33 12 with pagerank: 0.009564745492135526
Read time: 0.000353 seconds
Processing time: 0.102306 seconds

Number of iterations: 100
