0 "Valjean" with pagerank: 0.07543012163282309
1 "Myriel" with pagerank: 0.04277928102282024
2 "Gavroche" with pagerank: 0.03576731819469744
3 "Marius" with pagerank: 0.0308949362151014
4 "Javert" with pagerank: 0.03030273590581328
5 "Thenardier" with pagerank: 0.027926525694026004
6 "Fantine" with pagerank: 0.027022704917211475
7 "Enjolras" with pagerank: 0.021882033328120824
8 "Cosette" with pagerank: 0.02061121508485635
9 "MmeThenardier" with pagerank: 0.019501134691058627
10 "Bossuet" with pagerank: 0.01895953011019847
11 "Courfeyrac" with pagerank: 0.01857844249300171
12 "Eponine" with pagerank: 0.017793911863234438
13 "Mabeuf" with pagerank: 0.01747802229073045
14 "Joly" with pagerank: 0.017199878018362078
15 "Bahorel" with pagerank: 0.017199878018362078
16 "Babet" with pagerank: 0.016691838036276243
17 "Gueulemer" with pagerank: 0.016691838036276243
18 "Claquesous" with pagerank: 0.016561020318788346
19 "MlleGillenormand" with pagerank: 0.016260208629665207
20 "Combeferre" with pagerank: 0.015892124698078342
21 "Feuilly" with pagerank: 0.015892124698078342
22 "Tholomyes" with pagerank: 0.015647427368483353
23 "Bamatabois" with pagerank: 0.015576264721032925
24 "Montparnasse" with pagerank: 0.01517092849358579
25 "Gillenormand" with pagerank: 0.014957475581394713
26 "Grantaire" with pagerank: 0.014456669473073478
27 "Prouvaire" with pagerank: 0.013145880775991077
28 "Favourite" with pagerank: 0.012618202914109833
29 "Zephine" with pagerank: 0.012618202914109833
30 "Dahlia" with pagerank: 0.012618202914109833
31 "Blacheville" with pagerank: 0.012618202914109833
32 "Fameuil" with pagerank: 0.012618202914109833
33 "Listolier" with pagerank: 0.012618202914109833
34 "Judge" with pagerank: 0.012424659363833452
35 "Champmathieu" with pagerank: 0.012424659363833452
36 "Brevet" with pagerank: 0.012424659363833452
37 "Chenildieu" with pagerank: 0.012424659363833452
38 "Cochepaille" with pagerank: 0.012424659363833452
39 "Brujon" with pagerank: 0.011866660942683517
40 "Fauchelevent" with pagerank: 0.011638047873647351
41 "MmeHucheloup" with pagerank: 0.010689825140834495
42 "MmeMagloire" with pagerank: 0.010277134629757786
43 "MlleBaptistine" with pagerank: 0.010277134629757786
44 "Simplice" with pagerank: 0.009073646968137197
45 "LtGillenormand" with pagerank: 0.00871359743042754
46 "MmeBurgon" with pagerank: 0.007805581551409185
47 "Pontmercy" with pagerank: 0.007368097201038825
48 "Toussaint" with pagerank: 0.0068368625283517
49 "Woman2" with pagerank: 0.0068368625283517
50 "Anzelma" with pagerank: 0.006313538586560244
51 "MotherInnocent" with pagerank: 0.006202126104199707
52 "MmePontmercy" with pagerank: 0.006010133393376775
53 "Child1" with pagerank: 0.005791254017598257
54 "Child2" with pagerank: 0.005791254017598257
55 "OldMan" with pagerank: 0.005584290834993747
56 "CountessDeLo" with pagerank: 0.005584290834993747
57 "Geborand" with pagerank: 0.005584290834993747
58 "Champtercier" with pagerank: 0.005584290834993747
59 "Cravatte" with pagerank: 0.005584290834993747
60 "Count" with pagerank: 0.005584290834993747
61 "Napoleon" with pagerank: 0.005584290834993747
62 "Perpetue" with pagerank: 0.005407488540756631
63 "Magnon" with pagerank: 0.0052712227025692
64 "Jondrette" with pagerank: 0.00526542410740035
65 "Marguerite" with pagerank: 0.005260327543024846
66 "Woman1" with pagerank: 0.005244177726340103
67 "BaronessT" with pagerank: 0.00514645872338525
68 "Gribier" with pagerank: 0.0044211371212022135
69 "MlleVaubois" with pagerank: 0.003922505853082643
70 "Labarre" with pagerank: 0.003729040931049441
71 "MmeDeR" with pagerank: 0.003729040931049441
72 "Isabeau" with pagerank: 0.003729040931049441
73 "Scaufflaire" with pagerank: 0.003729040931049441
74 "Gervais" with pagerank: 0.003729040931049441
75 "Boulatruelle" with pagerank: 0.003431648625546962
76 "MotherPlutarch" with pagerank: 0.0032986263977897467
Read time: 0.001082 seconds
Processing time: 0.220959 seconds

Number of iterations: 100
