0 "Grin" with pagerank: 0.03136315629501765
1 "Jet" with pagerank: 0.03117635369982805
2 "Web" with pagerank: 0.029856210063589537
3 "SN4" with pagerank: 0.02976114667505216
4 "Trigger" with pagerank: 0.029257209874554997
5 "Topless" with pagerank: 0.029000133473510426
6 "Scabs" with pagerank: 0.027809764515398926
7 "Gallatin" with pagerank: 0.02714247434055079
8 "Patchback" with pagerank: 0.0260449200883517
9 "Beescratch" with pagerank: 0.025030020252352764
10 "Feather" with pagerank: 0.024468465450519627
11 "Kringel" with pagerank: 0.024184903798064986
12 "SN63" with pagerank: 0.023514913256744582
13 "Stripes" with pagerank: 0.022482232449832364
14 "SN9" with pagerank: 0.021909270910718037
15 "Upbang" with pagerank: 0.021506865262817407
16 "DN21" with pagerank: 0.020443461513743353
17 "SN100" with pagerank: 0.0196523591233737
18 "Jonah" with pagerank: 0.019631789272672923
19 "TR99" with pagerank: 0.019557817526391554
20 "Haecksel" with pagerank: 0.018784757208361636
21 "Number1" with pagerank: 0.017483628479706217
22 "MN83" with pagerank: 0.01743365789567137
23 "MN105" with pagerank: 0.01737484567337206
24 "SN96" with pagerank: 0.017227066507416386
25 "TR77" with pagerank: 0.01693971788112052
26 "Beak" with pagerank: 0.01684759704762727
27 "Double" with pagerank: 0.016624321337615534
28 "Hook" with pagerank: 0.01656251738461397
29 "Shmuddel" with pagerank: 0.01630421164450195
30 "SN90" with pagerank: 0.016079615325374393
31 "DN63" with pagerank: 0.015312931859429368
32 "Fish" with pagerank: 0.01514377466073408
33 "PL" with pagerank: 0.015016891347210312
34 "Zap" with pagerank: 0.01475944217161575
35 "DN16" with pagerank: 0.014525722061144651
36 "Oscar" with pagerank: 0.014515312946269256
37 "Bumper" with pagerank: 0.013390300056117937
38 "Ripplefluke" with pagerank: 0.013206677810419218
39 "Thumper" with pagerank: 0.012999093555414192
40 "Knit" with pagerank: 0.012694330588700944
41 "TSN103" with pagerank: 0.012161053254683698
42 "Mus" with pagerank: 0.012001343092262523
43 "Zipfel" with pagerank: 0.011302524684272421
44 "Notch" with pagerank: 0.011106625953056372
45 "MN60" with pagerank: 0.01034152051124211
46 "CCL" with pagerank: 0.009401093362933528
47 "TR88" with pagerank: 0.009257936323771808
48 "TR120" with pagerank: 0.009192927890002495
49 "TSN83" with pagerank: 0.008334395362122991
50 "Wave" with pagerank: 0.00831867180984353
51 "Vau" with pagerank: 0.008010986992195586
52 "SN89" with pagerank: 0.00796708632252234
53 "Zig" with pagerank: 0.00678395169864284
54 "MN23" with pagerank: 0.005734861831536988
55 "Quasi" with pagerank: 0.005734861831536988
56 "Cross" with pagerank: 0.005489425289461756
57 "Five" with pagerank: 0.005489425289461756
58 "TR82" with pagerank: 0.005384369485938636
59 "Whitetip" with pagerank: 0.005050013697309435
60 "SMN5" with pagerank: 0.005026545544962695
61 "Fork" with pagerank: 0.004890498486716893
Read time: 0.000739 seconds
Processing time: 0.008868 seconds

Number of iterations: 5
