0 1 with pagerank: 0.09164544772315406
1 34 with pagerank: 0.09039163329369462
2 33 with pagerank: 0.06500354258678073
3 3 with pagerank: 0.055200045802083805
4 2 with pagerank: 0.048773816715400826
5 32 with pagerank: 0.03951654721886684
6 4 with pagerank: 0.03493682356922188
7 24 with pagerank: 0.03279870775587072
8 14 with pagerank: 0.03135538577160524
9 9 with pagerank: 0.03131024757027863
10 7 with pagerank: 0.030383024769147938
11 6 with pagerank: 0.030383024769147938
12 30 with pagerank: 0.027208442933822113
13 28 with pagerank: 0.026629384342453235
14 31 with pagerank: 0.02599436127587619
15 8 with pagerank: 0.02547615887890371
16 5 with pagerank: 0.02280354343234238
17 11 with pagerank: 0.02280354343234238
18 20 with pagerank: 0.021378199850260713
19 26 with pagerank: 0.020626692774971138
20 25 with pagerank: 0.0205588379681135
21 29 with pagerank: 0.02002995293526887
22 17 with pagerank: 0.017214884988090835
23 16 with pagerank: 0.016095507336310537
24 21 with pagerank: 0.016095507336310537
25 23 with pagerank: 0.016095507336310537
26 19 with pagerank: 0.016095507336310537
27 15 with pagerank: 0.016095507336310537
28 27 with pagerank: 0.015654867086865126
29 22 with pagerank: 0.015498972957559188
30 18 with pagerank: 0.015498972957559188
31 10 with pagerank: 0.015222204604316662
32 13 with pagerank: 0.015135584135030335
33 12 with pagerank: 0.010089611219418596
Read time: 0.000361 seconds
Processing time: 0.005787 seconds

Number of iterations: 5
