0 "Valjean" with pagerank: 0.07575865884167186
1 "Gavroche" with pagerank: 0.035554796234734204
2 "Myriel" with pagerank: 0.03469640836339722
3 "Marius" with pagerank: 0.030525356473918026
4 "Javert" with pagerank: 0.030008521847110257
5 "Thenardier" with pagerank: 0.027502347375545248
6 "Fantine" with pagerank: 0.026755737139340603
7 "Cosette" with pagerank: 0.02087597655176435
8 "Enjolras" with pagerank: 0.020757437872186348
9 "MmeThenardier" with pagerank: 0.019291255346134715
10 "Bossuet" with pagerank: 0.017899358402337032
11 "Courfeyrac" with pagerank: 0.017244344818658268
12 "Eponine" with pagerank: 0.01692734244835221
13 "MlleGillenormand" with pagerank: 0.01685041157256296
14 "Babet" with pagerank: 0.016376360968757137
15 "Gueulemer" with pagerank: 0.016376360968757137
16 "Mabeuf" with pagerank: 0.01627702883156946
17 "Claquesous" with pagerank: 0.01617119401575645
18 "Joly" with pagerank: 0.01593939935174916
19 "Bahorel" with pagerank: 0.01593939935174916
20 "Bamatabois" with pagerank: 0.015664810540803972
21 "Gillenormand" with pagerank: 0.015465941630348331
22 "Tholomyes" with pagerank: 0.015371275687329284
23 "Montparnasse" with pagerank: 0.014906750822260182
24 "Combeferre" with pagerank: 0.014741716493644193
25 "Feuilly" with pagerank: 0.014741716493644193
26 "Grantaire" with pagerank: 0.013313564219579797
27 "Judge" with pagerank: 0.012457389058181686
28 "Champmathieu" with pagerank: 0.012457389058181686
29 "Brevet" with pagerank: 0.012457389058181686
30 "Chenildieu" with pagerank: 0.012457389058181686
31 "Cochepaille" with pagerank: 0.012457389058181686
32 "MmeMagloire" with pagerank: 0.012404251139877436
33 "MlleBaptistine" with pagerank: 0.012404251139877436
34 "Zephine" with pagerank: 0.012350941899743657
35 "Favourite" with pagerank: 0.012350941899743657
36 "Blacheville" with pagerank: 0.012350941899743657
37 "Fameuil" with pagerank: 0.012350941899743657
38 "Listolier" with pagerank: 0.012350941899743657
39 "Dahlia" with pagerank: 0.012350941899743657
40 "Prouvaire" with pagerank: 0.012112042525843286
41 "Fauchelevent" with pagerank: 0.012009110401482196
42 "Brujon" with pagerank: 0.011339642611106001
43 "MmeHucheloup" with pagerank: 0.00989300822373881
44 "Simplice" with pagerank: 0.009408730710548277
45 "LtGillenormand" with pagerank: 0.009003572988309522
46 "MmeBurgon" with pagerank: 0.008455692048440879
47 "Napoleon" with pagerank: 0.007649844885916192
48 "CountessDeLo" with pagerank: 0.007649844885916192
49 "Geborand" with pagerank: 0.007649844885916192
50 "Champtercier" with pagerank: 0.007649844885916192
51 "Cravatte" with pagerank: 0.007649844885916192
52 "Count" with pagerank: 0.007649844885916192
53 "OldMan" with pagerank: 0.007649844885916192
54 "Pontmercy" with pagerank: 0.007434593074781197
55 "Woman2" with pagerank: 0.00711315192395014
56 "Toussaint" with pagerank: 0.00711315192395014
57 "MotherInnocent" with pagerank: 0.006871557499388043
58 "MmePontmercy" with pagerank: 0.006357271753121839
59 "Anzelma" with pagerank: 0.006155381634956058
60 "Jondrette" with pagerank: 0.006152661542616497
61 "Child2" with pagerank: 0.005938905197871335
62 "Child1" with pagerank: 0.005938905197871335
63 "Woman1" with pagerank: 0.005476295166224065
64 "Marguerite" with pagerank: 0.0054526634467568155
65 "Perpetue" with pagerank: 0.005353364641434004
66 "Magnon" with pagerank: 0.0053028461015888475
67 "BaronessT" with pagerank: 0.0051863774536228275
68 "Gribier" with pagerank: 0.0049001733954433645
69 "MlleVaubois" with pagerank: 0.004128390725012568
70 "Scaufflaire" with pagerank: 0.003919436051996628
71 "Labarre" with pagerank: 0.003919436051996628
72 "MmeDeR" with pagerank: 0.003919436051996628
73 "Isabeau" with pagerank: 0.003919436051996628
74 "Gervais" with pagerank: 0.003919436051996628
75 "Boulatruelle" with pagerank: 0.00339877840682857
76 "MotherPlutarch" with pagerank: 0.003223065310929949
Read time: 0.001078 seconds
Processing time: 0.011535 seconds

Number of iterations: 5
