0 "Grin" with pagerank: 0.032144492646079915
1 "Jet" with pagerank: 0.03172814064099891
2 "Trigger" with pagerank: 0.031299356785651995
3 "Web" with pagerank: 0.03009537161868639
4 "SN4" with pagerank: 0.029875338488591252
5 "Topless" with pagerank: 0.029514203459649405
6 "Scabs" with pagerank: 0.028423069618593116
7 "Patchback" with pagerank: 0.026458550085344937
8 "Gallatin" with pagerank: 0.026156876201234535
9 "Beescratch" with pagerank: 0.024650716975625653
10 "Kringel" with pagerank: 0.024640918770071556
11 "SN63" with pagerank: 0.023939244308004218
12 "Feather" with pagerank: 0.023458479543464045
13 "SN9" with pagerank: 0.02196636593833631
14 "Stripes" with pagerank: 0.021691125028868802
15 "Upbang" with pagerank: 0.021650877220405002
16 "SN100" with pagerank: 0.020613389418885096
17 "DN21" with pagerank: 0.020053629465137474
18 "Haecksel" with pagerank: 0.01988308124848402
19 "Jonah" with pagerank: 0.019395550585160466
20 "TR99" with pagerank: 0.019231944617405065
21 "SN96" with pagerank: 0.017618650297991357
22 "TR77" with pagerank: 0.017339517990192392
23 "Number1" with pagerank: 0.017130091202038806
24 "Double" with pagerank: 0.017098300791473633
25 "Beak" with pagerank: 0.016965391671542686
26 "MN105" with pagerank: 0.016938990011077314
27 "MN83" with pagerank: 0.016905755924351663
28 "Hook" with pagerank: 0.01662681634199862
29 "SN90" with pagerank: 0.016137567039410234
30 "Shmuddel" with pagerank: 0.01591993582309594
31 "DN63" with pagerank: 0.015643030519243293
32 "PL" with pagerank: 0.015302095263062707
33 "Fish" with pagerank: 0.015108397491339895
34 "Oscar" with pagerank: 0.014845738588953772
35 "Zap" with pagerank: 0.014767919936358596
36 "DN16" with pagerank: 0.014428047748970597
37 "Bumper" with pagerank: 0.013338079701267226
38 "Ripplefluke" with pagerank: 0.013308677359416913
39 "Knit" with pagerank: 0.012928200000828281
40 "Thumper" with pagerank: 0.01283082844869721
41 "TSN103" with pagerank: 0.012072590545466005
42 "Mus" with pagerank: 0.011504222987466785
43 "Notch" with pagerank: 0.011210138879288071
44 "Zipfel" with pagerank: 0.011039191031508936
45 "MN60" with pagerank: 0.009863497584692378
46 "CCL" with pagerank: 0.00962906206363531
47 "TR88" with pagerank: 0.008876749615725136
48 "TR120" with pagerank: 0.0088258957455285
49 "Wave" with pagerank: 0.008326245837103537
50 "TSN83" with pagerank: 0.008181047951405966
51 "SN89" with pagerank: 0.007764749925539563
52 "Vau" with pagerank: 0.007494174312792515
53 "Zig" with pagerank: 0.006190146763066109
54 "MN23" with pagerank: 0.005415901459701979
55 "Quasi" with pagerank: 0.005415901459701979
56 "TR82" with pagerank: 0.005261695496551791
57 "Cross" with pagerank: 0.005079800163215568
58 "Five" with pagerank: 0.005079800163215568
59 "Whitetip" with pagerank: 0.004962899544247352
60 "SMN5" with pagerank: 0.004918217900052259
61 "Fork" with pagerank: 0.004835315754105329
Read time: 0.000746 seconds
Processing time: 0.134390 seconds

Number of iterations: 75
