0 34 with pagerank: 0.10091918233228596
1 1 with pagerank: 0.09699728538865693
2 33 with pagerank: 0.07169322600548819
3 3 with pagerank: 0.057078509488453354
4 2 with pagerank: 0.05287692406124967
5 32 with pagerank: 0.03715808706904944
6 4 with pagerank: 0.03585985778649752
7 24 with pagerank: 0.03152251477654414
8 9 with pagerank: 0.029766056080980874
9 14 with pagerank: 0.02953645615194558
10 7 with pagerank: 0.029111154678581785
11 6 with pagerank: 0.029111154678581785
12 30 with pagerank: 0.02628853769500367
13 28 with pagerank: 0.025639767482765554
14 31 with pagerank: 0.024590155248536503
15 8 with pagerank: 0.024490497035337327
16 5 with pagerank: 0.021977952364730907
17 11 with pagerank: 0.021977952364730907
18 25 with pagerank: 0.021076033559151153
19 26 with pagerank: 0.021006197394416202
20 20 with pagerank: 0.019604636325669146
21 29 with pagerank: 0.019573459463786053
22 17 with pagerank: 0.016784005444311616
23 27 with pagerank: 0.015044038082670477
24 13 with pagerank: 0.01464489201191976
25 18 with pagerank: 0.014558677209060896
26 22 with pagerank: 0.014558677209060896
27 15 with pagerank: 0.014535993997872643
28 16 with pagerank: 0.014535993997872643
29 19 with pagerank: 0.014535993997872643
30 21 with pagerank: 0.014535993997872643
31 23 with pagerank: 0.014535993997872643
32 10 with pagerank: 0.014309397129008878
33 12 with pagerank: 0.009564745492161601
Read time: 0.000373 seconds
Processing time: 0.080648 seconds

Number of iterations: 75
