0 "Valjean" with pagerank: 0.07543012165789174
1 "Myriel" with pagerank: 0.04277928108426971
2 "Gavroche" with pagerank: 0.035767318175347756
3 "Marius" with pagerank: 0.030894936201976343
4 "Javert" with pagerank: 0.030302735905619452
5 "Thenardier" with pagerank: 0.027926525689384647
6 "Fantine" with pagerank: 0.027022704919051264
7 "Enjolras" with pagerank: 0.021882033313907392
8 "Cosette" with pagerank: 0.02061121508393742
9 "MmeThenardier" with pagerank: 0.019501134689443256
10 "Bossuet" with pagerank: 0.018959530096422046
11 "Courfeyrac" with pagerank: 0.018578442478016367
12 "Eponine" with pagerank: 0.0177939118574584
13 "Mabeuf" with pagerank: 0.01747802227837753
14 "Joly" with pagerank: 0.017199878004003143
15 "Bahorel" with pagerank: 0.017199878004003143
16 "Babet" with pagerank: 0.01669183803361128
17 "Gueulemer" with pagerank: 0.01669183803361128
18 "Claquesous" with pagerank: 0.016561020316057034
19 "MlleGillenormand" with pagerank: 0.016260208628338373
20 "Combeferre" with pagerank: 0.015892124685028434
21 "Feuilly" with pagerank: 0.015892124685028434
22 "Tholomyes" with pagerank: 0.015647427367557212
23 "Bamatabois" with pagerank: 0.015576264727540628
24 "Montparnasse" with pagerank: 0.015170928491089924
25 "Gillenormand" with pagerank: 0.014957475579974564
26 "Grantaire" with pagerank: 0.014456669460745383
27 "Prouvaire" with pagerank: 0.01314588076497375
28 "Favourite" with pagerank: 0.012618202913948398
29 "Zephine" with pagerank: 0.012618202913948398
30 "Dahlia" with pagerank: 0.012618202913948398
31 "Blacheville" with pagerank: 0.012618202913948398
32 "Fameuil" with pagerank: 0.012618202913948398
33 "Listolier" with pagerank: 0.012618202913948398
34 "Judge" with pagerank: 0.01242465936999274
35 "Champmathieu" with pagerank: 0.01242465936999274
36 "Brevet" with pagerank: 0.01242465936999274
37 "Chenildieu" with pagerank: 0.01242465936999274
38 "Cochepaille" with pagerank: 0.01242465936999274
39 "Brujon" with pagerank: 0.011866660939646312
40 "Fauchelevent" with pagerank: 0.011638047875736824
41 "MmeHucheloup" with pagerank: 0.010689825132423409
42 "MmeMagloire" with pagerank: 0.010277134643179225
43 "MlleBaptistine" with pagerank: 0.010277134643179225
44 "Simplice" with pagerank: 0.009073646969214796
45 "LtGillenormand" with pagerank: 0.008713597429158386
46 "MmeBurgon" with pagerank: 0.007805581548982929
47 "Pontmercy" with pagerank: 0.007368097199550165
48 "Toussaint" with pagerank: 0.006836862528977507
49 "Woman2" with pagerank: 0.006836862528977507
50 "Anzelma" with pagerank: 0.006313538585506873
51 "MotherInnocent" with pagerank: 0.006202126105520256
52 "MmePontmercy" with pagerank: 0.006010133392630139
53 "Child1" with pagerank: 0.00579125401545952
54 "Child2" with pagerank: 0.00579125401545952
55 "OldMan" with pagerank: 0.005584290843126132
56 "CountessDeLo" with pagerank: 0.005584290843126132
57 "Geborand" with pagerank: 0.005584290843126132
58 "Champtercier" with pagerank: 0.005584290843126132
59 "Cravatte" with pagerank: 0.005584290843126132
60 "Count" with pagerank: 0.005584290843126132
61 "Napoleon" with pagerank: 0.005584290843126132
62 "Perpetue" with pagerank: 0.005407488541192521
63 "Magnon" with pagerank: 0.005271222702194406
64 "Jondrette" with pagerank: 0.005265424106065951
65 "Marguerite" with pagerank: 0.00526032754389087
66 "Woman1" with pagerank: 0.005244177727059155
67 "BaronessT" with pagerank: 0.005146458722411049
68 "Gribier" with pagerank: 0.004421137121786855
69 "MlleVaubois" with pagerank: 0.003922505852880934
70 "Labarre" with pagerank: 0.003729040931785349
71 "MmeDeR" with pagerank: 0.003729040931785349
72 "Isabeau" with pagerank: 0.003729040931785349
73 "Scaufflaire" with pagerank: 0.003729040931785349
74 "Gervais" with pagerank: 0.003729040931785349
75 "Boulatruelle" with pagerank: 0.003431648625229819
76 "MotherPlutarch" with pagerank: 0.003298626396556168
Read time: 0.001148 seconds
Processing time: 0.175627 seconds

Number of iterations: 75
