0 "Grin" with pagerank: 0.03214449276971155
1 "Jet" with pagerank: 0.03172814042689357
2 "Trigger" with pagerank: 0.031299356896126285
3 "Web" with pagerank: 0.03009537140159913
4 "SN4" with pagerank: 0.0298753385950665
5 "Topless" with pagerank: 0.029514203572927552
6 "Scabs" with pagerank: 0.028423069724707505
7 "Patchback" with pagerank: 0.026458550184719352
8 "Gallatin" with pagerank: 0.026156875994386177
9 "Beescratch" with pagerank: 0.024650716858337987
10 "Kringel" with pagerank: 0.02464091884137672
11 "SN63" with pagerank: 0.0239392443930127
12 "Feather" with pagerank: 0.02345847935812403
13 "SN9" with pagerank: 0.02196636599202132
14 "Stripes" with pagerank: 0.021691125107755192
15 "Upbang" with pagerank: 0.02165087708014505
16 "SN100" with pagerank: 0.020613389434126068
17 "DN21" with pagerank: 0.020053629311362727
18 "Haecksel" with pagerank: 0.019883081317321458
19 "Jonah" with pagerank: 0.019395550660250085
20 "TR99" with pagerank: 0.01923194468758145
21 "SN96" with pagerank: 0.01761865033971113
22 "TR77" with pagerank: 0.017339518022616903
23 "Number1" with pagerank: 0.017130091110731636
24 "Double" with pagerank: 0.01709830083982342
25 "Beak" with pagerank: 0.01696539172127547
26 "MN105" with pagerank: 0.01693899007709164
27 "MN83" with pagerank: 0.016905755990205183
28 "Hook" with pagerank: 0.01662681640360113
29 "SN90" with pagerank: 0.01613756692368412
30 "Shmuddel" with pagerank: 0.01591993587804147
31 "DN63" with pagerank: 0.01564303047224992
32 "PL" with pagerank: 0.015302095254849527
33 "Fish" with pagerank: 0.015108397534152652
34 "Oscar" with pagerank: 0.01484573859424447
35 "Zap" with pagerank: 0.01476791997758978
36 "DN16" with pagerank: 0.014428047640825975
37 "Bumper" with pagerank: 0.013338079738998516
38 "Ripplefluke" with pagerank: 0.01330867727410382
39 "Knit" with pagerank: 0.012928199953206652
40 "Thumper" with pagerank: 0.012830828489271681
41 "TSN103" with pagerank: 0.012072590585738693
42 "Mus" with pagerank: 0.011504222924165237
43 "Notch" with pagerank: 0.011210138823042065
44 "Zipfel" with pagerank: 0.01103919106325047
45 "MN60" with pagerank: 0.009863497609183087
46 "CCL" with pagerank: 0.009629062091337395
47 "TR88" with pagerank: 0.008876749639798284
48 "TR120" with pagerank: 0.008825895769793625
49 "Wave" with pagerank: 0.008326245782271023
50 "TSN83" with pagerank: 0.008181047974155111
51 "SN89" with pagerank: 0.00776474990269304
52 "Vau" with pagerank: 0.007494174334533154
53 "Zig" with pagerank: 0.00619014673345817
54 "MN23" with pagerank: 0.005415901434933537
55 "Quasi" with pagerank: 0.005415901434933537
56 "TR82" with pagerank: 0.005261695471438389
57 "Cross" with pagerank: 0.005079800174717611
58 "Five" with pagerank: 0.005079800174717611
59 "Whitetip" with pagerank: 0.004962899555310686
60 "SMN5" with pagerank: 0.004918217911548234
61 "Fork" with pagerank: 0.004835315765153439
Read time: 0.000728 seconds
Processing time: 0.154205 seconds

Number of iterations: 88
