0 34 with pagerank: 0.10091918231951233
1 1 with pagerank: 0.09699728540226693
2 33 with pagerank: 0.07169322599547902
3 3 with pagerank: 0.05707850948812735
4 2 with pagerank: 0.05287692406515481
5 32 with pagerank: 0.03715808706544759
6 4 with pagerank: 0.03585985778973486
7 24 with pagerank: 0.031522514771512446
8 9 with pagerank: 0.029766056079625073
9 14 with pagerank: 0.029536456153145128
10 7 with pagerank: 0.0291111546865355
11 6 with pagerank: 0.0291111546865355
12 30 with pagerank: 0.026288537690824648
13 28 with pagerank: 0.025639767479668056
14 31 with pagerank: 0.02459015524689774
15 8 with pagerank: 0.024490497037402376
16 5 with pagerank: 0.021977952370043737
17 11 with pagerank: 0.021977952370043737
18 25 with pagerank: 0.021076033556457832
19 26 with pagerank: 0.02100619739152963
20 20 with pagerank: 0.0196046363262844
21 29 with pagerank: 0.0195734594621909
22 17 with pagerank: 0.016784005448894572
23 27 with pagerank: 0.0150440380806008
24 13 with pagerank: 0.014644892013522075
25 18 with pagerank: 0.014558677210541653
26 22 with pagerank: 0.014558677210541653
27 15 with pagerank: 0.01453599399604633
28 16 with pagerank: 0.01453599399604633
29 19 with pagerank: 0.01453599399604633
30 21 with pagerank: 0.01453599399604633
31 23 with pagerank: 0.01453599399604633
32 10 with pagerank: 0.014309397128105843
33 12 with pagerank: 0.009564745493142091
Read time: 0.000376 seconds
Processing time: 0.074434 seconds

Number of iterations: 63
