0 "Valjean" with pagerank: 0.07543012164773534
1 "Myriel" with pagerank: 0.04277928105974449
2 "Gavroche" with pagerank: 0.0357673181831126
3 "Marius" with pagerank: 0.03089493620725365
4 "Javert" with pagerank: 0.030302735905698455
5 "Thenardier" with pagerank: 0.027926525691254797
6 "Fantine" with pagerank: 0.02702270491839203
7 "Enjolras" with pagerank: 0.02188203331961119
8 "Cosette" with pagerank: 0.02061121508431392
9 "MmeThenardier" with pagerank: 0.019501134690098294
10 "Bossuet" with pagerank: 0.01895953010195037
11 "Courfeyrac" with pagerank: 0.018578442484030986
12 "Eponine" with pagerank: 0.017793911859777634
13 "Mabeuf" with pagerank: 0.017478022283335694
14 "Joly" with pagerank: 0.01719987800976617
15 "Bahorel" with pagerank: 0.01719987800976617
16 "Babet" with pagerank: 0.016691838034680256
17 "Gueulemer" with pagerank: 0.016691838034680256
18 "Claquesous" with pagerank: 0.01656102031715258
19 "MlleGillenormand" with pagerank: 0.01626020862887196
20 "Combeferre" with pagerank: 0.0158921246902661
21 "Feuilly" with pagerank: 0.0158921246902661
22 "Tholomyes" with pagerank: 0.015647427367999185
23 "Bamatabois" with pagerank: 0.015576264724923876
24 "Montparnasse" with pagerank: 0.015170928492090664
25 "Gillenormand" with pagerank: 0.014957475580545918
26 "Grantaire" with pagerank: 0.014456669465692842
27 "Prouvaire" with pagerank: 0.013145880769395152
28 "Favourite" with pagerank: 0.012618202914080221
29 "Zephine" with pagerank: 0.012618202914080221
30 "Dahlia" with pagerank: 0.012618202914080221
31 "Blacheville" with pagerank: 0.012618202914080221
32 "Fameuil" with pagerank: 0.012618202914080221
33 "Listolier" with pagerank: 0.012618202914080221
34 "Judge" with pagerank: 0.012424659367510865
35 "Champmathieu" with pagerank: 0.012424659367510865
36 "Brevet" with pagerank: 0.012424659367510865
37 "Chenildieu" with pagerank: 0.012424659367510865
38 "Cochepaille" with pagerank: 0.012424659367510865
39 "Brujon" with pagerank: 0.011866660940864792
40 "Fauchelevent" with pagerank: 0.011638047874893776
41 "MmeHucheloup" with pagerank: 0.010689825135798718
42 "MmeMagloire" with pagerank: 0.010277134637724401
43 "MlleBaptistine" with pagerank: 0.010277134637724401
44 "Simplice" with pagerank: 0.009073646968791916
45 "LtGillenormand" with pagerank: 0.00871359742966873
46 "MmeBurgon" with pagerank: 0.007805581549956343
47 "Pontmercy" with pagerank: 0.007368097200148886
48 "Toussaint" with pagerank: 0.0068368625287263205
49 "Woman2" with pagerank: 0.0068368625287263205
50 "Anzelma" with pagerank: 0.006313538585930707
51 "MotherInnocent" with pagerank: 0.006202126104987313
52 "MmePontmercy" with pagerank: 0.006010133392930047
53 "Child1" with pagerank: 0.005791254016317666
54 "Child2" with pagerank: 0.005791254016317666
55 "OldMan" with pagerank: 0.005584290839798945
56 "CountessDeLo" with pagerank: 0.005584290839798945
57 "Geborand" with pagerank: 0.005584290839798945
58 "Champtercier" with pagerank: 0.005584290839798945
59 "Cravatte" with pagerank: 0.005584290839798945
60 "Count" with pagerank: 0.005584290839798945
61 "Napoleon" with pagerank: 0.005584290839798945
62 "Perpetue" with pagerank: 0.005407488541025323
63 "Magnon" with pagerank: 0.005271222702345165
64 "Jondrette" with pagerank: 0.005265424106601459
65 "Marguerite" with pagerank: 0.005260327543547916
66 "Woman1" with pagerank: 0.0052441777267697234
67 "BaronessT" with pagerank: 0.00514645872280239
68 "Gribier" with pagerank: 0.00442113712155043
69 "MlleVaubois" with pagerank: 0.003922505852961692
70 "Labarre" with pagerank: 0.0037290409314888317
71 "MmeDeR" with pagerank: 0.0037290409314888317
72 "Isabeau" with pagerank: 0.0037290409314888317
73 "Scaufflaire" with pagerank: 0.0037290409314888317
74 "Gervais" with pagerank: 0.0037290409314888317
75 "Boulatruelle" with pagerank: 0.003431648625357512
76 "MotherPlutarch" with pagerank: 0.003298626397051329
Read time: 0.001123 seconds
Processing time: 0.193212 seconds

Number of iterations: 77
