0 "Grin" with pagerank: 0.032141138224717404
1 "Jet" with pagerank: 0.03173396692987366
2 "Trigger" with pagerank: 0.03129631053409569
3 "Web" with pagerank: 0.030101345043170025
4 "SN4" with pagerank: 0.029872454989928885
5 "Topless" with pagerank: 0.029511092842831602
6 "Scabs" with pagerank: 0.028420203407006333
7 "Patchback" with pagerank: 0.02645583303323381
8 "Gallatin" with pagerank: 0.026162583496306954
9 "Beescratch" with pagerank: 0.024653891034916435
10 "Kringel" with pagerank: 0.02463895878344427
11 "SN63" with pagerank: 0.023936952264672375
12 "Feather" with pagerank: 0.023463600057243638
13 "SN9" with pagerank: 0.02196489650800665
14 "Stripes" with pagerank: 0.021689010642618498
15 "Upbang" with pagerank: 0.021654703476465722
16 "SN100" with pagerank: 0.020612957815927032
17 "DN21" with pagerank: 0.020057846771169105
18 "Haecksel" with pagerank: 0.019881178572269672
19 "Jonah" with pagerank: 0.019393491007088304
20 "TR99" with pagerank: 0.01923002864132128
21 "SN96" with pagerank: 0.017617474071331428
22 "TR77" with pagerank: 0.017338591648596247
23 "Number1" with pagerank: 0.017132549491685634
24 "Double" with pagerank: 0.01709696759380139
25 "Beak" with pagerank: 0.01696401021044729
26 "MN105" with pagerank: 0.016937190719503555
27 "MN83" with pagerank: 0.016903953754173875
28 "Hook" with pagerank: 0.016625146360733558
29 "SN90" with pagerank: 0.016140729804784544
30 "Shmuddel" with pagerank: 0.01591846656983677
31 "DN63" with pagerank: 0.01564428084323591
32 "PL" with pagerank: 0.015302279135421462
33 "Fish" with pagerank: 0.01510720335335818
34 "Oscar" with pagerank: 0.01484555951933468
35 "Zap" with pagerank: 0.014766785883640233
36 "DN16" with pagerank: 0.014431017663101755
37 "Bumper" with pagerank: 0.0133370434881657
38 "Ripplefluke" with pagerank: 0.013311018266262692
39 "Knit" with pagerank: 0.012929470699202845
40 "Thumper" with pagerank: 0.01282972824654852
41 "TSN103" with pagerank: 0.01207149608884744
42 "Mus" with pagerank: 0.01150593491192995
43 "Notch" with pagerank: 0.011211644821106113
44 "Zipfel" with pagerank: 0.011038332732492858
45 "MN60" with pagerank: 0.009862826409959224
46 "CCL" with pagerank: 0.009628301880990113
47 "TR88" with pagerank: 0.00887611686790364
48 "TR120" with pagerank: 0.008825257152742133
49 "Wave" with pagerank: 0.008327764140244236
50 "TSN83" with pagerank: 0.008180438283773043
51 "SN89" with pagerank: 0.007765377487972128
52 "Vau" with pagerank: 0.007493578016668176
53 "Zig" with pagerank: 0.006190977898241881
54 "MN23" with pagerank: 0.005416580176986838
55 "Quasi" with pagerank: 0.005416580176986838
56 "TR82" with pagerank: 0.005262385614759675
57 "Cross" with pagerank: 0.005079485697228343
58 "Five" with pagerank: 0.005079485697228343
59 "Whitetip" with pagerank: 0.004962601905581931
60 "SMN5" with pagerank: 0.004917903366075201
61 "Fork" with pagerank: 0.0048350192728082
Read time: 0.000699 seconds
Processing time: 0.041854 seconds

Number of iterations: 25
