0 34 with pagerank: 0.10091733996544579
1 1 with pagerank: 0.09699852191256435
2 33 with pagerank: 0.07169181272146041
3 3 with pagerank: 0.057078419687046716
4 2 with pagerank: 0.052877169476718
5 32 with pagerank: 0.037157826109106014
6 4 with pagerank: 0.035860165867193664
7 24 with pagerank: 0.03152205248300537
8 9 with pagerank: 0.029765978714145328
9 14 with pagerank: 0.0295366529107958
10 7 with pagerank: 0.0291120594859307
11 6 with pagerank: 0.0291120594859307
12 30 with pagerank: 0.02628813872546532
13 28 with pagerank: 0.02563947231145464
14 31 with pagerank: 0.024590052299331658
15 8 with pagerank: 0.024490747339604112
16 5 with pagerank: 0.0219785499235736
17 11 with pagerank: 0.0219785499235736
18 25 with pagerank: 0.02107572885815372
19 26 with pagerank: 0.021005859803653916
20 20 with pagerank: 0.0196047743557974
21 29 with pagerank: 0.01957330187358905
22 17 with pagerank: 0.016784508138462915
23 27 with pagerank: 0.015043842614515326
24 13 with pagerank: 0.014645077786421112
25 18 with pagerank: 0.014558868784605713
26 22 with pagerank: 0.014558868784605713
27 15 with pagerank: 0.014535878323245707
28 16 with pagerank: 0.014535878323245707
29 19 with pagerank: 0.014535878323245707
30 21 with pagerank: 0.014535878323245707
31 23 with pagerank: 0.014535878323245707
32 10 with pagerank: 0.014309339543636064
33 12 with pagerank: 0.00956486849798473
Read time: 0.000360 seconds
Processing time: 0.028114 seconds

Number of iterations: 25
