0 "Valjean" with pagerank: 0.0754421398474229
1 "Myriel" with pagerank: 0.04277930227792448
2 "Gavroche" with pagerank: 0.0357603596612162
3 "Marius" with pagerank: 0.030890023589869527
4 "Javert" with pagerank: 0.030302704123841593
5 "Thenardier" with pagerank: 0.027924705392055573
6 "Fantine" with pagerank: 0.02702211306000596
7 "Enjolras" with pagerank: 0.021876847107186955
8 "Cosette" with pagerank: 0.020610781019720706
9 "MmeThenardier" with pagerank: 0.019500390364449956
10 "Bossuet" with pagerank: 0.018954507927658064
11 "Courfeyrac" with pagerank: 0.01857302831256316
12 "Eponine" with pagerank: 0.01779184501289244
13 "Mabeuf" with pagerank: 0.01747356327195942
14 "Joly" with pagerank: 0.017194694308490698
15 "Bahorel" with pagerank: 0.017194694308490698
16 "Gueulemer" with pagerank: 0.016690847988741802
17 "Babet" with pagerank: 0.0166908479887418
18 "Claquesous" with pagerank: 0.016560006760895248
19 "MlleGillenormand" with pagerank: 0.016259659252610675
20 "Combeferre" with pagerank: 0.015887415719461066
21 "Feuilly" with pagerank: 0.015887415719461062
22 "Tholomyes" with pagerank: 0.015646028882757165
23 "Bamatabois" with pagerank: 0.015578445012423713
24 "Montparnasse" with pagerank: 0.015169996702822965
25 "Gillenormand" with pagerank: 0.014956885850989358
26 "Grantaire" with pagerank: 0.014452224354180615
27 "Prouvaire" with pagerank: 0.01314191102247484
28 "Favourite" with pagerank: 0.012617127107080581
29 "Zephine" with pagerank: 0.012617127107080581
30 "Dahlia" with pagerank: 0.012617127107080581
31 "Blacheville" with pagerank: 0.012617127107080581
32 "Fameuil" with pagerank: 0.012617127107080581
33 "Listolier" with pagerank: 0.012617127107080581
34 "Judge" with pagerank: 0.012426809653373632
35 "Champmathieu" with pagerank: 0.012426809653373632
36 "Brevet" with pagerank: 0.012426809653373632
37 "Chenildieu" with pagerank: 0.012426809653373632
38 "Cochepaille" with pagerank: 0.012426809653373632
39 "Brujon" with pagerank: 0.011865603028367951
40 "Fauchelevent" with pagerank: 0.01163879182948468
41 "MmeHucheloup" with pagerank: 0.010686800830733994
42 "MmeMagloire" with pagerank: 0.010284806353675503
43 "MlleBaptistine" with pagerank: 0.010284806353675503
44 "Simplice" with pagerank: 0.009073803005472725
45 "LtGillenormand" with pagerank: 0.008713154657777632
46 "MmeBurgon" with pagerank: 0.007804758293018894
47 "Pontmercy" with pagerank: 0.007367547718221672
48 "Toussaint" with pagerank: 0.006837020007762373
49 "Woman2" with pagerank: 0.006837020007762373
50 "Anzelma" with pagerank: 0.006313152547119253
51 "MotherInnocent" with pagerank: 0.006202602395129415
52 "MmePontmercy" with pagerank: 0.006009879048671321
53 "Child1" with pagerank: 0.005790494737287731
54 "Child2" with pagerank: 0.005790494737287731
55 "OldMan" with pagerank: 0.00559064831130904
56 "CountessDeLo" with pagerank: 0.00559064831130904
57 "Geborand" with pagerank: 0.00559064831130904
58 "Champtercier" with pagerank: 0.00559064831130904
59 "Cravatte" with pagerank: 0.00559064831130904
60 "Count" with pagerank: 0.00559064831130904
61 "Napoleon" with pagerank: 0.00559064831130904
62 "Perpetue" with pagerank: 0.005407542344502435
63 "Magnon" with pagerank: 0.005271102263297356
64 "Jondrette" with pagerank: 0.0052649938278571794
65 "Marguerite" with pagerank: 0.005260509594287309
66 "Woman1" with pagerank: 0.005244382080538833
67 "BaronessT" with pagerank: 0.005146118233123824
68 "Gribier" with pagerank: 0.004421387812087328
69 "MlleVaubois" with pagerank: 0.003922450445482216
70 "Labarre" with pagerank: 0.0037292665310940357
71 "MmeDeR" with pagerank: 0.0037292665310940357
72 "Isabeau" with pagerank: 0.0037292665310940357
73 "Scaufflaire" with pagerank: 0.0037292665310940357
74 "Gervais" with pagerank: 0.0037292665310940357
75 "Boulatruelle" with pagerank: 0.003431532462525389
76 "MotherPlutarch" with pagerank: 0.0032981787995556454
Read time: 0.001170 seconds
Processing time: 0.057465 seconds

Number of iterations: 25
