0 "Grin" with pagerank: 0.032144471559265475
1 "Jet" with pagerank: 0.031728177159610974
2 "Trigger" with pagerank: 0.03129933794267322
3 "Web" with pagerank: 0.0300954086467546
4 "SN4" with pagerank: 0.029875320328037157
5 "Topless" with pagerank: 0.029514184138399655
6 "Scabs" with pagerank: 0.02842305151974846
7 "Patchback" with pagerank: 0.026458533135667896
8 "Gallatin" with pagerank: 0.026156911482947603
9 "Beescratch" with pagerank: 0.02465073697989042
10 "Kringel" with pagerank: 0.024640906607707073
11 "SN63" with pagerank: 0.02393922980894339
12 "Feather" with pagerank: 0.023458511156619892
13 "SN9" with pagerank: 0.021966356781454036
14 "Stripes" with pagerank: 0.021691111574202185
15 "Upbang" with pagerank: 0.021650901143666863
16 "SN100" with pagerank: 0.020613386819185044
17 "DN21" with pagerank: 0.020053655694163036
18 "Haecksel" with pagerank: 0.019883069507113275
19 "Jonah" with pagerank: 0.019395537777518502
20 "TR99" with pagerank: 0.019231932647788337
21 "SN96" with pagerank: 0.01761864318148054
22 "TR77" with pagerank: 0.01733951245901339
23 "Number1" with pagerank: 0.017130106774983632
24 "Double" with pagerank: 0.017098292544539793
25 "Beak" with pagerank: 0.016965383188497135
26 "MN105" with pagerank: 0.016938978751495092
27 "MN83" with pagerank: 0.016905744692097772
28 "Hook" with pagerank: 0.016626805834981273
29 "SN90" with pagerank: 0.0161375867784052
30 "Shmuddel" with pagerank: 0.015919926451734755
31 "DN63" with pagerank: 0.015643038534007215
32 "PL" with pagerank: 0.015302096663157976
33 "Fish" with pagerank: 0.015108390188596573
34 "Oscar" with pagerank: 0.01484573768598894
35 "Zap" with pagerank: 0.01476791290367706
36 "DN16" with pagerank: 0.014428066195178318
37 "Bumper" with pagerank: 0.013338073265482187
38 "Ripplefluke" with pagerank: 0.013308691911450211
39 "Knit" with pagerank: 0.012928208122859547
40 "Thumper" with pagerank: 0.012830821528225707
41 "TSN103" with pagerank: 0.012072583676474563
42 "Mus" with pagerank: 0.01150423378395035
43 "Notch" with pagerank: 0.011210148472294007
44 "Zipfel" with pagerank: 0.011039185617628714
45 "MN60" with pagerank: 0.009863493407417415
46 "CCL" with pagerank: 0.00962905733862011
47 "TR88" with pagerank: 0.008876745510028192
48 "TR120" with pagerank: 0.008825891607076723
49 "Wave" with pagerank: 0.008326255189842095
50 "TSN83" with pagerank: 0.008181044071354183
51 "SN89" with pagerank: 0.007764753822421885
52 "Vau" with pagerank: 0.007494170604583043
53 "Zig" with pagerank: 0.006190151813361463
54 "MN23" with pagerank: 0.0054159056842797895
55 "Quasi" with pagerank: 0.0054159056842797895
56 "TR82" with pagerank: 0.0052616997801100875
57 "Cross" with pagerank: 0.005079798201375432
58 "Five" with pagerank: 0.005079798201375432
59 "Whitetip" with pagerank: 0.00496289765730018
60 "SMN5" with pagerank: 0.004918215939259497
61 "Fork" with pagerank: 0.0048353138697575775
Read time: 0.000733 seconds
Processing time: 0.079769 seconds

Number of iterations: 50
