0 34 with pagerank: 0.10091918164871674
1 1 with pagerank: 0.09699728611997094
2 33 with pagerank: 0.07169322546975859
3 3 with pagerank: 0.05707850947097628
4 2 with pagerank: 0.05287692427127365
5 32 with pagerank: 0.03715808687526745
6 4 with pagerank: 0.03585985796019957
7 24 with pagerank: 0.031522514506233223
8 9 with pagerank: 0.02976605600788655
9 14 with pagerank: 0.029536456215910733
10 7 with pagerank: 0.029111155105499473
11 6 with pagerank: 0.02911115510549947
12 30 with pagerank: 0.026288537470557212
13 28 with pagerank: 0.025639767316392264
14 31 with pagerank: 0.024590155160229856
15 8 with pagerank: 0.024490497145915835
16 5 with pagerank: 0.0219779526498959
17 11 with pagerank: 0.0219779526498959
18 25 with pagerank: 0.021076033414718236
19 26 with pagerank: 0.02100619723967547
20 20 with pagerank: 0.019604636358337528
21 29 with pagerank: 0.01957345937810601
22 17 with pagerank: 0.01678400569040517
23 27 with pagerank: 0.015044037971500689
24 13 with pagerank: 0.014644892097800292
25 18 with pagerank: 0.01455867728834263
26 22 with pagerank: 0.01455867728834263
27 15 with pagerank: 0.014535993899527339
28 16 with pagerank: 0.014535993899527339
29 19 with pagerank: 0.014535993899527339
30 21 with pagerank: 0.014535993899527339
31 23 with pagerank: 0.014535993899527339
32 10 with pagerank: 0.014309397080352577
33 12 with pagerank: 0.009564745544702411
Read time: 0.000368 seconds
Processing time: 0.054911 seconds

Number of iterations: 50
