0 "Valjean" with pagerank: 0.07543013624361974
1 "Myriel" with pagerank: 0.042779337593696655
2 "Gavroche" with pagerank: 0.035767306600099545
3 "Marius" with pagerank: 0.03089492822085405
4 "Javert" with pagerank: 0.030302735645881092
5 "Thenardier" with pagerank: 0.02792652283446057
6 "Fantine" with pagerank: 0.027022705005239244
7 "Enjolras" with pagerank: 0.021882024831282033
8 "Cosette" with pagerank: 0.020611214409410543
9 "MmeThenardier" with pagerank: 0.019501133683027846
10 "Bossuet" with pagerank: 0.018959521877012747
11 "Courfeyrac" with pagerank: 0.018578433460433624
12 "Eponine" with pagerank: 0.017793908339216364
13 "Mabeuf" with pagerank: 0.017478014837483284
14 "Joly" with pagerank: 0.017199869363249312
15 "Bahorel" with pagerank: 0.017199869363249312
16 "Babet" with pagerank: 0.01669183647141901
17 "Gueulemer" with pagerank: 0.01669183647141901
18 "Claquesous" with pagerank: 0.016561018712907508
19 "MlleGillenormand" with pagerank: 0.016260207881166586
20 "Feuilly" with pagerank: 0.015892116829221644
21 "Combeferre" with pagerank: 0.015892116829221644
22 "Tholomyes" with pagerank: 0.015647425904309047
23 "Bamatabois" with pagerank: 0.015576268711196
24 "Montparnasse" with pagerank: 0.015170927044264147
25 "Gillenormand" with pagerank: 0.014957474769987511
26 "Grantaire" with pagerank: 0.01445666204912165
27 "Prouvaire" with pagerank: 0.013145874139244678
28 "Dahlia" with pagerank: 0.012618201954248455
29 "Zephine" with pagerank: 0.012618201954248455
30 "Listolier" with pagerank: 0.012618201954248455
31 "Favourite" with pagerank: 0.012618201954248454
32 "Blacheville" with pagerank: 0.012618201954248454
33 "Fameuil" with pagerank: 0.012618201954248454
34 "Judge" with pagerank: 0.012424663204269059
35 "Champmathieu" with pagerank: 0.012424663204269059
36 "Brevet" with pagerank: 0.012424663204269059
37 "Chenildieu" with pagerank: 0.012424663204269059
38 "Cochepaille" with pagerank: 0.012424663204269059
39 "Brujon" with pagerank: 0.011866659090887282
40 "Fauchelevent" with pagerank: 0.011638049245401398
41 "MmeHucheloup" with pagerank: 0.010689820072592152
42 "MmeMagloire" with pagerank: 0.010277141888266624
43 "MlleBaptistine" with pagerank: 0.010277141888266624
44 "Simplice" with pagerank: 0.009073647564121629
45 "LtGillenormand" with pagerank: 0.008713596627330726
46 "MmeBurgon" with pagerank: 0.0078055800873884345
47 "Pontmercy" with pagerank: 0.007368096287634674
48 "Toussaint" with pagerank: 0.006836862966330121
49 "Woman2" with pagerank: 0.006836862966330121
50 "Anzelma" with pagerank: 0.006313537928725627
51 "MotherInnocent" with pagerank: 0.006202126972220988
52 "MmePontmercy" with pagerank: 0.006010132926917159
53 "Child1" with pagerank: 0.005791252730621121
54 "Child2" with pagerank: 0.005791252730621121
55 "OldMan" with pagerank: 0.00558429411639595
56 "CountessDeLo" with pagerank: 0.00558429411639595
57 "Geborand" with pagerank: 0.00558429411639595
58 "Champtercier" with pagerank: 0.00558429411639595
59 "Cravatte" with pagerank: 0.00558429411639595
60 "Count" with pagerank: 0.00558429411639595
61 "Napoleon" with pagerank: 0.00558429411639595
62 "Perpetue" with pagerank: 0.005407488679953801
63 "Magnon" with pagerank: 0.00527122245324926
64 "Jondrette" with pagerank: 0.0052654233091705945
65 "Marguerite" with pagerank: 0.005260328057744477
66 "Woman1" with pagerank: 0.005244178230397597
67 "BaronessT" with pagerank: 0.005146458117628464
68 "Gribier" with pagerank: 0.0044211374771340895
69 "MlleVaubois" with pagerank: 0.0039225057218216855
70 "Labarre" with pagerank: 0.0037290414431388474
71 "MmeDeR" with pagerank: 0.0037290414431388474
72 "Isabeau" with pagerank: 0.0037290414431388474
73 "Scaufflaire" with pagerank: 0.0037290414431388474
74 "Gervais" with pagerank: 0.0037290414431388474
75 "Boulatruelle" with pagerank: 0.003431648425235596
76 "MotherPlutarch" with pagerank: 0.003298625655012392
Read time: 0.001295 seconds
Processing time: 0.120727 seconds

Number of iterations: 50
