0 "Grin" with pagerank: 0.03210989598612618
1 "Jet" with pagerank: 0.03191669630551011
2 "Trigger" with pagerank: 0.03133624299166279
3 "Web" with pagerank: 0.030229963262478326
4 "SN4" with pagerank: 0.029836390218491347
5 "Topless" with pagerank: 0.029452989980876858
6 "Scabs" with pagerank: 0.02841267117797535
7 "Patchback" with pagerank: 0.026416393025011926
8 "Gallatin" with pagerank: 0.026258018329402343
9 "Beescratch" with pagerank: 0.024656393716617358
10 "Kringel" with pagerank: 0.024579048766936666
11 "SN63" with pagerank: 0.023909287223527833
12 "Feather" with pagerank: 0.023548930229916307
13 "SN9" with pagerank: 0.021902639653680018
14 "Upbang" with pagerank: 0.0217187526095092
15 "Stripes" with pagerank: 0.021672647774571407
16 "SN100" with pagerank: 0.020625892628563406
17 "DN21" with pagerank: 0.020156480641438202
18 "Haecksel" with pagerank: 0.019870347797623925
19 "Jonah" with pagerank: 0.019332408359029805
20 "TR99" with pagerank: 0.0191618255190978
21 "SN96" with pagerank: 0.017580500953331104
22 "TR77" with pagerank: 0.017287872847903563
23 "Number1" with pagerank: 0.01716457588676589
24 "Double" with pagerank: 0.017051345822645593
25 "Beak" with pagerank: 0.01690670825346345
26 "MN105" with pagerank: 0.01688730800956719
27 "MN83" with pagerank: 0.01683873555843428
28 "Hook" with pagerank: 0.016596451234814832
29 "SN90" with pagerank: 0.01622350779829516
30 "Shmuddel" with pagerank: 0.01591494497430412
31 "DN63" with pagerank: 0.0156498682183627
32 "PL" with pagerank: 0.015260512549310662
33 "Fish" with pagerank: 0.015066299725261342
34 "Oscar" with pagerank: 0.014821478214268201
35 "Zap" with pagerank: 0.014705613333314117
36 "DN16" with pagerank: 0.014516573840772016
37 "Ripplefluke" with pagerank: 0.013428808798325633
38 "Bumper" with pagerank: 0.013319842552869679
39 "Knit" with pagerank: 0.012937956484381195
40 "Thumper" with pagerank: 0.012817973747069025
41 "TSN103" with pagerank: 0.012052782033974961
42 "Mus" with pagerank: 0.011520961442920188
43 "Notch" with pagerank: 0.01125097680598962
44 "Zipfel" with pagerank: 0.011029912315241842
45 "MN60" with pagerank: 0.009818895952090945
46 "CCL" with pagerank: 0.009608117019014605
47 "TR88" with pagerank: 0.00889081711737163
48 "TR120" with pagerank: 0.00884756601030859
49 "Wave" with pagerank: 0.008356330115783638
50 "TSN83" with pagerank: 0.008191656205982662
51 "SN89" with pagerank: 0.007765743697292382
52 "Vau" with pagerank: 0.007454087530492728
53 "Zig" with pagerank: 0.006196788449120937
54 "MN23" with pagerank: 0.005421845587109484
55 "Quasi" with pagerank: 0.005421845587109484
56 "TR82" with pagerank: 0.005275866009169217
57 "Cross" with pagerank: 0.005057825809812098
58 "Five" with pagerank: 0.005057825809812098
59 "Whitetip" with pagerank: 0.004958886394177181
60 "SMN5" with pagerank: 0.0049116950345827965
61 "Fork" with pagerank: 0.004828780071135918
Read time: 0.000725 seconds
Processing time: 0.017892 seconds

Number of iterations: 10
