0 34 with pagerank: 0.10165289936972448
1 1 with pagerank: 0.09749887525560787
2 33 with pagerank: 0.07220751370302796
3 3 with pagerank: 0.05708737651569042
4 2 with pagerank: 0.05308989786105372
5 32 with pagerank: 0.03693507671496142
6 4 with pagerank: 0.03585876185537352
7 24 with pagerank: 0.031387379178200364
8 9 with pagerank: 0.029609779397643893
9 14 with pagerank: 0.029356050463579062
10 6 with pagerank: 0.029208740505820337
11 7 with pagerank: 0.029208740505820334
12 30 with pagerank: 0.026186937282144895
13 28 with pagerank: 0.025547453277892415
14 31 with pagerank: 0.02442495816593655
15 8 with pagerank: 0.02438596975565949
16 11 with pagerank: 0.02204077483567775
17 5 with pagerank: 0.02204077483567775
18 25 with pagerank: 0.021115960291116006
19 26 with pagerank: 0.02105190187959143
20 29 with pagerank: 0.01952646571819867
21 20 with pagerank: 0.0194531219467351
22 17 with pagerank: 0.016887406852587678
23 27 with pagerank: 0.014989428207611514
24 13 with pagerank: 0.014603393612238134
25 22 with pagerank: 0.014483041238815525
26 18 with pagerank: 0.014483041238815525
27 15 with pagerank: 0.014385175606164792
28 16 with pagerank: 0.014385175606164792
29 19 with pagerank: 0.014385175606164792
30 21 with pagerank: 0.014385175606164792
31 23 with pagerank: 0.014385175606164792
32 10 with pagerank: 0.014216890911191004
33 12 with pagerank: 0.009535510592783248
Read time: 0.000387 seconds
Processing time: 0.012598 seconds

Number of iterations: 10
