0 "Valjean" with pagerank: 0.07572833012173633
1 "Myriel" with pagerank: 0.046974968109940125
2 "Gavroche" with pagerank: 0.03546949904937824
3 "Marius" with pagerank: 0.030689166780275324
4 "Javert" with pagerank: 0.030302253793154054
5 "Thenardier" with pagerank: 0.027855932375879966
6 "Fantine" with pagerank: 0.02697764234116203
7 "Enjolras" with pagerank: 0.021616201427587297
8 "Cosette" with pagerank: 0.02063050146897759
9 "MmeThenardier" with pagerank: 0.01947776005600998
10 "Bossuet" with pagerank: 0.018701801854537323
11 "Courfeyrac" with pagerank: 0.01829160774573057
12 "Eponine" with pagerank: 0.017683965658301166
13 "Mabeuf" with pagerank: 0.017243351182697264
14 "Joly" with pagerank: 0.01692540570759714
15 "Bahorel" with pagerank: 0.01692540570759714
16 "Babet" with pagerank: 0.016653639403952553
17 "Gueulemer" with pagerank: 0.016653639403952553
18 "Claquesous" with pagerank: 0.01651492471023958
19 "MlleGillenormand" with pagerank: 0.01630083866848673
20 "Combeferre" with pagerank: 0.01564359856238437
21 "Feuilly" with pagerank: 0.01564359856238437
22 "Bamatabois" with pagerank: 0.015637431495994274
23 "Tholomyes" with pagerank: 0.01557172957029326
24 "Montparnasse" with pagerank: 0.015135518349294722
25 "Gillenormand" with pagerank: 0.014974469748144462
26 "Grantaire" with pagerank: 0.014219410041453509
27 "Prouvaire" with pagerank: 0.012934630187448759
28 "Favourite" with pagerank: 0.012553265980403948
29 "Zephine" with pagerank: 0.012553265980403948
30 "Dahlia" with pagerank: 0.012553265980403948
31 "Blacheville" with pagerank: 0.012553265980403948
32 "Listolier" with pagerank: 0.012553265980403948
33 "Fameuil" with pagerank: 0.012553265980403946
34 "Judge" with pagerank: 0.012486827030694017
35 "Champmathieu" with pagerank: 0.012486827030694017
36 "Brevet" with pagerank: 0.012486827030694017
37 "Chenildieu" with pagerank: 0.012486827030694017
38 "Cochepaille" with pagerank: 0.012486827030694017
39 "Brujon" with pagerank: 0.01181426397760642
40 "Fauchelevent" with pagerank: 0.01172745206897403
41 "MmeHucheloup" with pagerank: 0.010529918080094756
42 "MmeMagloire" with pagerank: 0.010309273839423046
43 "MlleBaptistine" with pagerank: 0.010309273839423046
44 "Simplice" with pagerank: 0.009089038680153616
45 "LtGillenormand" with pagerank: 0.008715043345281318
46 "MmeBurgon" with pagerank: 0.007885277008813536
47 "Pontmercy" with pagerank: 0.007359847032980789
48 "Toussaint" with pagerank: 0.006859221845909097
49 "Woman2" with pagerank: 0.006859221845909097
50 "Anzelma" with pagerank: 0.006294258559981192
51 "MotherInnocent" with pagerank: 0.00623689283196583
52 "MmePontmercy" with pagerank: 0.006012610881809067
53 "Child1" with pagerank: 0.005768052282926279
54 "Child2" with pagerank: 0.005768052282926279
55 "OldMan" with pagerank: 0.005410538545833444
56 "CountessDeLo" with pagerank: 0.005410538545833444
57 "Geborand" with pagerank: 0.005410538545833444
58 "Champtercier" with pagerank: 0.005410538545833444
59 "Cravatte" with pagerank: 0.005410538545833444
60 "Count" with pagerank: 0.005410538545833444
61 "Napoleon" with pagerank: 0.005410538545833444
62 "Perpetue" with pagerank: 0.005406940489932316
63 "Jondrette" with pagerank: 0.00528918437497569
64 "Marguerite" with pagerank: 0.005275874456353672
65 "Magnon" with pagerank: 0.005273288098718564
66 "Woman1" with pagerank: 0.005264402305672802
67 "BaronessT" with pagerank: 0.005139622504310657
68 "Gribier" with pagerank: 0.004436422813490786
69 "MlleVaubois" with pagerank: 0.003928653248786313
70 "Labarre" with pagerank: 0.0037485219665269924
71 "MmeDeR" with pagerank: 0.0037485219665269924
72 "Isabeau" with pagerank: 0.0037485219665269924
73 "Scaufflaire" with pagerank: 0.0037485219665269924
74 "Gervais" with pagerank: 0.0037485219665269924
75 "Boulatruelle" with pagerank: 0.003426536594276099
76 "MotherPlutarch" with pagerank: 0.003274043935352236
Read time: 0.001057 seconds
Processing time: 0.022492 seconds

Number of iterations: 10
