0 "North Dakota" with pagerank: 0.0011111244019138759
1 "Weber State" with pagerank: 0.0010983424470266576
2 "Montana" with pagerank: 0.0010839627477785374
3 "South Dakota" with pagerank: 0.0010220864661654137
4 "Northwestern State" with pagerank: 0.0009696271929824562
5 "Florida" with pagerank: 0.0009350093984962407
6 "Iona" with pagerank: 0.0009342105263157898
7 "Richmond" with pagerank: 0.0009220499164578114
8 "Utah" with pagerank: 0.0009152151211361738
9 "Oklahoma" with pagerank: 0.000900754727728412
10 "Central Arkansas" with pagerank: 0.0008980837510442776
11 "Sacred Heart" with pagerank: 0.0008879727728411941
12 "Savannah State" with pagerank: 0.0008876096491228071
13 "Texas Tech" with pagerank: 0.0008783863066757806
14 "Texas" with pagerank: 0.0008697681704260653
15 "Grambling State" with pagerank: 0.0008624007936507939
16 "South Carolina State" with pagerank: 0.0008624007936507939
17 "James Madison" with pagerank: 0.0008568086883876359
18 "Bryant University" with pagerank: 0.000856017885623149
19 "Liberty" with pagerank: 0.0008400323725981621
20 "Mississippi" with pagerank: 0.0008399436090225567
21 "TCU" with pagerank: 0.0008339157552973342
22 "Drake" with pagerank: 0.0008300908521303258
23 "Samford" with pagerank: 0.0008284124136097822
24 "USC" with pagerank: 0.0008248618705855549
25 "McNeese State" with pagerank: 0.0007853540100250629
26 "Tennessee-Martin" with pagerank: 0.0007775428153717629
27 "Oregon State" with pagerank: 0.0007742666324903169
28 "Prairie View A&M" with pagerank: 0.0007691990392648287
29 "Tulsa" with pagerank: 0.0007682387787650946
30 "New Hampshire" with pagerank: 0.000760855263157895
31 "San Diego" with pagerank: 0.0007597901002506268
32 "Appalachian State" with pagerank: 0.0007594431153641681
33 "Northern Iowa" with pagerank: 0.0007371553884711782
34 "Villanova" with pagerank: 0.0007360014619883042
35 "Jacksonville" with pagerank: 0.0007331610275689225
36 "Butler" with pagerank: 0.0007310307017543862
37 "Sacramento State" with pagerank: 0.0007296992481203008
38 "Texas State" with pagerank: 0.0007275689223057645
39 "Alabama" with pagerank: 0.0007187813283208021
40 "Virginia Tech" with pagerank: 0.000710792606516291
41 "Furman" with pagerank: 0.0007072501329080278
42 "Brown" with pagerank: 0.0007049342105263159
43 "Boise State" with pagerank: 0.0007044096984886461
44 "Dayton" with pagerank: 0.0006958803258145364
45 "Cincinnati" with pagerank: 0.0006914421470342524
46 "Penn State" with pagerank: 0.0006905545112781957
47 "Presbyterian" with pagerank: 0.0006865601503759399
48 "Georgia Tech" with pagerank: 0.0006807017543859651
49 "West Virginia" with pagerank: 0.000670671470342523
50 "Stephen F. Austin" with pagerank: 0.000667919799498747
51 "Georgia" with pagerank: 0.0006609962406015038
52 "Texas Southern" with pagerank: 0.0006583333333333335
53 "Jackson State" with pagerank: 0.0006499007936507938
54 "Harvard" with pagerank: 0.0006490131578947369
55 "Ball State" with pagerank: 0.0006420895989974937
56 "Pittsburgh" with pagerank: 0.0006405806182121973
57 "Albany" with pagerank: 0.0006397898154477102
58 "Iowa" with pagerank: 0.000638716583124478
59 "Ohio State" with pagerank: 0.0006349885129490393
60 "Southern Illinois" with pagerank: 0.0006343671679197996
61 "Maine" with pagerank: 0.000632858187134503
62 "Northern Arizona" with pagerank: 0.0006307359307359308
63 "Missouri" with pagerank: 0.0006237155388471179
64 "Colgate" with pagerank: 0.0006210526315789475
65 "Murray State" with pagerank: 0.0006204312865497077
66 "East Carolina" with pagerank: 0.0006197211779448623
67 "Florida A&M" with pagerank: 0.0006182121971595656
68 "Boston College" with pagerank: 0.0006144841269841271
69 "Delaware" with pagerank: 0.0006142178362573102
70 "North Carolina" with pagerank: 0.000611732456140351
71 "Davidson" with pagerank: 0.0006098684210526316
72 "Gardner-Webb" with pagerank: 0.0006088920217209692
73 "Oregon" with pagerank: 0.0006033967494493812
74 "Brigham Young" with pagerank: 0.0006014358813700919
75 "Norfolk State" with pagerank: 0.0005993055555555556
76 "Wofford" with pagerank: 0.0005991360978203084
77 "California" with pagerank: 0.0005990473342447028
78 "Charleston Southern" with pagerank: 0.0005973527568922306
79 "Northwestern" with pagerank: 0.0005964651211361738
80 "Lafayette" with pagerank: 0.0005933583959899751
81 "Michigan State" with pagerank: 0.0005893640350877194
82 "Sam Houston State" with pagerank: 0.0005893640350877194
83 "Tennessee State" with pagerank: 0.0005892752715121137
84 "Southeast Missouri State" with pagerank: 0.0005862573099415205
85 "Florida State" with pagerank: 0.0005847563985721881
86 "Nevada" with pagerank: 0.0005846595655806183
87 "Buffalo" with pagerank: 0.0005833281119465331
88 "Wake Forest" with pagerank: 0.0005821741854636592
89 "Rice" with pagerank: 0.0005808588706615024
90 "LSU" with pagerank: 0.0005782766575529734
91 "Nebraska" with pagerank: 0.0005774697159565582
92 "Montana State" with pagerank: 0.0005764126224652541
93 "Houston" with pagerank: 0.0005745485873775349
94 "Portland State" with pagerank: 0.0005742822966507178
95 "Eastern Kentucky" with pagerank: 0.00057249895572264
96 "Virginia Military Institute" with pagerank: 0.0005724182615629986
97 "Oklahoma State" with pagerank: 0.0005710868079289133
98 "Maryland" with pagerank: 0.0005678832497911446
99 "Kansas" with pagerank: 0.0005677944862155389
100 "Vanderbilt" with pagerank: 0.0005672619047619048
101 "Monmouth" with pagerank: 0.0005670924470266576
102 "Eastern Washington" with pagerank: 0.000563098086124402
103 "Rutgers" with pagerank: 0.0005594507101086049
104 "South Florida" with pagerank: 0.0005572316207184628
105 "Holy Cross" with pagerank: 0.0005558114035087721
106 "South Carolina" with pagerank: 0.0005547462406015038
107 "Massachusetts" with pagerank: 0.0005527046783625731
108 "Morehead State" with pagerank: 0.0005521801663249033
109 "Tennessee Tech" with pagerank: 0.0005520833333333335
110 "Connecticut" with pagerank: 0.000551639515455305
111 "Central Connecticut State" with pagerank: 0.0005431262816131238
112 "Arkansas-Pine Bluff" with pagerank: 0.0005427631578947369
113 "Valparaiso" with pagerank: 0.0005411654135338347
114 "Arizona" with pagerank: 0.0005397532657401079
115 "Clemson" with pagerank: 0.0005395676691729325
116 "Alabama State" with pagerank: 0.000537171052631579
117 "North Carolina A&T" with pagerank: 0.000537171052631579
118 "Cal Poly" with pagerank: 0.0005359364319890636
119 "Elon" with pagerank: 0.0005357589048378523
120 "Western Carolina" with pagerank: 0.0005351375598086125
121 "Navy" with pagerank: 0.0005313207260575683
122 "Central Michigan" with pagerank: 0.0005298924394319132
123 "Wisconsin" with pagerank: 0.0005290048036758564
124 "Virginia" with pagerank: 0.0005278508771929826
125 "Western Illinois" with pagerank: 0.0005262531328320804
126 "Miami (FL)" with pagerank: 0.000524389097744361
127 "Western Michigan" with pagerank: 0.0005211936090225564
128 "North Carolina State" with pagerank: 0.0005185307017543861
129 "Jacksonville State" with pagerank: 0.0005129466659071923
130 "Bethune-Cookman" with pagerank: 0.0005122284878863828
131 "Air Force" with pagerank: 0.0005122284878863828
132 "Yale" with pagerank: 0.0005092105263157895
133 "Troy" with pagerank: 0.0005039815447710186
134 "Southern Utah" with pagerank: 0.0005036184210526317
135 "Southern Miss" with pagerank: 0.0005034489633173845
136 "Louisiana Tech" with pagerank: 0.0005016656223893066
137 "William & Mary" with pagerank: 0.0005016656223893066
138 "Minnesota" with pagerank: 0.0004991802422723477
139 "North Dakota State" with pagerank: 0.0004970499164578113
140 "Colorado State" with pagerank: 0.000492700501253133
141 "Delaware State" with pagerank: 0.0004914578111946534
142 "Duke" with pagerank: 0.0004889724310776943
143 "Arkansas" with pagerank: 0.00048710839598997506
144 "South Dakota State" with pagerank: 0.00048710839598997506
145 "Campbell" with pagerank: 0.00048684210526315797
146 "Chattanooga" with pagerank: 0.00048684210526315797
147 "Kentucky" with pagerank: 0.0004860432330827068
148 "Morgan State" with pagerank: 0.0004821376357560569
149 "Stony Brook" with pagerank: 0.0004796522556390978
150 "Florida Atlantic" with pagerank: 0.00047575472772841204
151 "Hampton" with pagerank: 0.0004728174603174604
152 "Pennsylvania" with pagerank: 0.0004719298245614036
153 "Fresno State" with pagerank: 0.0004700657894736843
154 "Southeastern Louisiana" with pagerank: 0.000468201754385965
155 "Lehigh" with pagerank: 0.0004663377192982457
156 "Notre Dame" with pagerank: 0.0004656276106934003
157 "Nicholls State" with pagerank: 0.00046287593984962414
158 "Hawaii" with pagerank: 0.0004611975013290804
159 "North Carolina Central" with pagerank: 0.00045976921470342535
160 "Bowling Green" with pagerank: 0.0004597692147034253
161 "Colorado" with pagerank: 0.0004554197994987469
162 "Coastal Carolina" with pagerank: 0.00045479845446950724
163 "Southern University" with pagerank: 0.0004501827485380118
164 "Youngstown State" with pagerank: 0.0004458333333333334
165 "Memphis" with pagerank: 0.00044566387559808623
166 "Auburn" with pagerank: 0.0004442355889724311
167 "Alabama A&M" with pagerank: 0.0004408625730994153
168 "Louisiana-Lafayette" with pagerank: 0.0004406043517885624
169 "Stanford" with pagerank: 0.00044007177033492833
170 "Illinois" with pagerank: 0.0004380221386800335
171 "Arkansas State" with pagerank: 0.00043660999088630673
172 "Robert Morris" with pagerank: 0.00043660999088630673
173 "UC Davis" with pagerank: 0.0004333176691729324
174 "Fordham" with pagerank: 0.00043180868838763584
175 "Bucknell" with pagerank: 0.00042958959899749383
176 "Louisville" with pagerank: 0.0004286131996658313
177 "Georgia Southern" with pagerank: 0.00042826621477937274
178 "Tennessee" with pagerank: 0.00042559523809523815
179 "San Jose State" with pagerank: 0.00042151211361737687
180 "Citadel" with pagerank: 0.0004201887293992558
181 "Northern Illinois" with pagerank: 0.0004191154970760235
182 "UCF" with pagerank: 0.00041796964000911376
183 "Cornell" with pagerank: 0.00041600877192982463
184 "Middle Tennessee State" with pagerank: 0.00041583931419457746
185 "Kansas State" with pagerank: 0.00041583931419457746
186 "UTEP" with pagerank: 0.0004083831738437002
187 "Arizona State" with pagerank: 0.00040678542948279796
188 "Marshall" with pagerank: 0.0004050908521303259
189 "Rhode Island" with pagerank: 0.0004048245614035089
190 "Florida International" with pagerank: 0.00039995063416116053
191 "Marist" with pagerank: 0.0003993292891319208
192 "UNLV" with pagerank: 0.00039825605680868844
193 "Mississippi Valley State" with pagerank: 0.00039763471177944865
194 "Mississippi State" with pagerank: 0.00039630325814536346
195 "Temple" with pagerank: 0.0003951493316624896
196 "Eastern Illinois" with pagerank: 0.00039452798663324986
197 "Louisiana-Monroe" with pagerank: 0.0003921394395078606
198 "Kent State" with pagerank: 0.0003920426065162908
199 "Akron" with pagerank: 0.00039053362573099424
200 "Wyoming" with pagerank: 0.0003901785714285715
201 "Princeton" with pagerank: 0.0003880482456140352
202 "Duquesne" with pagerank: 0.00038601475279106864
203 "Hofstra" with pagerank: 0.00038494152046783634
204 "New Mexico" with pagerank: 0.000383077485380117
205 "Purdue" with pagerank: 0.0003799707602339182
206 "Baylor" with pagerank: 0.0003785586124401915
207 "Ohio" with pagerank: 0.00037739661654135346
208 "Indiana" with pagerank: 0.0003734022556390978
209 "Texas A&M" with pagerank: 0.00037029553049289894
210 "UAB" with pagerank: 0.00036940789473684216
211 "Winston-Salem" with pagerank: 0.0003675438596491229
212 "Army" with pagerank: 0.0003663011695906433
213 "UCLA" with pagerank: 0.00036604294827979043
214 "Missouri State" with pagerank: 0.0003656798245614036
215 "Eastern Michigan" with pagerank: 0.00036381578947368426
216 "Michigan" with pagerank: 0.0003600877192982457
217 "Syracuse" with pagerank: 0.0003547619047619048
218 "New Mexico State" with pagerank: 0.0003547619047619048
219 "Towson" with pagerank: 0.00035325292397660825
220 "North Carolina Pembroke" with pagerank: 0.00035103383458646623
221 "Western Kentucky" with pagerank: 0.00035103383458646623
222 "Miami (OH)" with pagerank: 0.0003451754385964913
223 "Wagner" with pagerank: 0.00034340823650034184
224 "Utah State" with pagerank: 0.0003423350041771095
225 "Illinois State" with pagerank: 0.00034171365914786975
226 "Iowa State" with pagerank: 0.0003358552631578948
227 "Toledo" with pagerank: 0.000335233918128655
228 "Columbia" with pagerank: 0.00032280701754385974
229 "Northeastern" with pagerank: 0.00031996658312447794
230 "Austin Peay" with pagerank: 0.00031996658312447794
231 "San Diego State" with pagerank: 0.0003174812030075189
232 "Georgetown" with pagerank: 0.0003174812030075189
233 "Alcorn State" with pagerank: 0.00031597222222222226
234 "Washington State" with pagerank: 0.00031375313283208024
235 "Tulane" with pagerank: 0.0003114533492822967
236 "Idaho" with pagerank: 0.00030834662413609787
237 "Rhodes" with pagerank: 0.0003078947368421053
238 "Southern Methodist" with pagerank: 0.0003078947368421053
239 "Franklin" with pagerank: 0.0003078947368421053
240 "Idaho State" with pagerank: 0.00030043859649122814
241 "Fayetteville State" with pagerank: 0.0002951127819548873
242 "Tuskegee" with pagerank: 0.0002951127819548873
243 "Edward Waters" with pagerank: 0.0002951127819548873
244 "Howard" with pagerank: 0.0002951127819548873
245 "Washburn" with pagerank: 0.0002951127819548873
246 "Stonehill" with pagerank: 0.0002911184210526316
247 "Marian" with pagerank: 0.0002911184210526316
248 "St. Francis (IL)" with pagerank: 0.0002911184210526316
249 "Wesley College" with pagerank: 0.0002911184210526316
250 "Henderson State" with pagerank: 0.0002880116959064328
251 "Arkansas-Monticello" with pagerank: 0.0002880116959064328
252 "Methodist" with pagerank: 0.00028552631578947376
253 "Birmingham Southern" with pagerank: 0.00028552631578947376
254 "North Texas" with pagerank: 0.00028552631578947376
255 "Northern Colorado" with pagerank: 0.0002834928229665072
256  "North Carolina State" with pagerank: 0.00026315789473684215
257  "Virginia Military Institute" with pagerank: 0.00026315789473684215
258  "Lenoir-Rhyne" with pagerank: 0.00026315789473684215
259  "Gardner-Webb" with pagerank: 0.00026315789473684215
260  "Eastern Illinois" with pagerank: 0.00026315789473684215
261  "Lincoln (MO)" with pagerank: 0.00026315789473684215
262  "West Georgia" with pagerank: 0.00026315789473684215
263  "Oklahoma State" with pagerank: 0.00026315789473684215
264  "Mississippi Valley State" with pagerank: 0.00026315789473684215
265  "Austin Peay" with pagerank: 0.00026315789473684215
266  "Arizona" with pagerank: 0.00026315789473684215
267  "Henderson State" with pagerank: 0.00026315789473684215
268  "Portland State" with pagerank: 0.00026315789473684215
269  "LSU" with pagerank: 0.00026315789473684215
270  "Lambuth" with pagerank: 0.00026315789473684215
271  "Brigham Young" with pagerank: 0.00026315789473684215
272  "Kansas State" with pagerank: 0.00026315789473684215
273  "Fresno State" with pagerank: 0.00026315789473684215
274  "Arizona State" with pagerank: 0.00026315789473684215
275  "Sacred Heart" with pagerank: 0.00026315789473684215
276  "Shaw" with pagerank: 0.00026315789473684215
277  "Texas A&M-Kingsville" with pagerank: 0.00026315789473684215
278  "Liberty" with pagerank: 0.00026315789473684215
279  "Dixie State" with pagerank: 0.00026315789473684215
280  "Arkansas State" with pagerank: 0.00026315789473684215
281  "San Diego" with pagerank: 0.00026315789473684215
282  "Ohio State" with pagerank: 0.00026315789473684215
283  "William Penn" with pagerank: 0.00026315789473684215
284  "Samford" with pagerank: 0.00026315789473684215
285  "Rice" with pagerank: 0.00026315789473684215
286  "New Mexico State" with pagerank: 0.00026315789473684215
287  "Texas" with pagerank: 0.00026315789473684215
288  "Concordia University (WI)" with pagerank: 0.00026315789473684215
289  "Southern Methodist" with pagerank: 0.00026315789473684215
290  "Penn State" with pagerank: 0.00026315789473684215
291  "Delaware State" with pagerank: 0.00026315789473684215
292  "Wisconsin-La Crosse" with pagerank: 0.00026315789473684215
293  "Merrimack" with pagerank: 0.00026315789473684215
294  "Iona" with pagerank: 0.00026315789473684215
295  "Texas Tech" with pagerank: 0.00026315789473684215
296  "Tuskegee" with pagerank: 0.00026315789473684215
297  "Ball State" with pagerank: 0.00026315789473684215
298  "Robert Morris" with pagerank: 0.00026315789473684215
299  "Alabama" with pagerank: 0.00026315789473684215
300  "Marist" with pagerank: 0.00026315789473684215
301  "Fordham" with pagerank: 0.00026315789473684215
302  "North Dakota State" with pagerank: 0.00026315789473684215
303  "Purdue" with pagerank: 0.00026315789473684215
304  "UCLA" with pagerank: 0.00026315789473684215
305  "Oregon State" with pagerank: 0.00026315789473684215
306  "UTEP" with pagerank: 0.00026315789473684215
307  "Troy" with pagerank: 0.00026315789473684215
308  "Edward Waters" with pagerank: 0.00026315789473684215
309  "Georgetown" with pagerank: 0.00026315789473684215
310  "Baylor" with pagerank: 0.00026315789473684215
311  "West Chester" with pagerank: 0.00026315789473684215
312  "Southern Oregon" with pagerank: 0.00026315789473684215
313  "Massachusetts" with pagerank: 0.00026315789473684215
314  "Montana-Western" with pagerank: 0.00026315789473684215
315  "Tulsa" with pagerank: 0.00026315789473684215
316  "Bethune-Cookman" with pagerank: 0.00026315789473684215
317  "North Carolina A&T" with pagerank: 0.00026315789473684215
318  "Army" with pagerank: 0.00026315789473684215
319  "Georgia Tech" with pagerank: 0.00026315789473684215
320  "Missouri" with pagerank: 0.00026315789473684215
321  "Arkansas" with pagerank: 0.00026315789473684215
322  "East Carolina" with pagerank: 0.00026315789473684215
323  "Minnesota" with pagerank: 0.00026315789473684215
324  "Yale" with pagerank: 0.00026315789473684215
325  "Shorter" with pagerank: 0.00026315789473684215
326  "Harvard" with pagerank: 0.00026315789473684215
327  "South Florida" with pagerank: 0.00026315789473684215
328  "Florida" with pagerank: 0.00026315789473684215
329  "Brown" with pagerank: 0.00026315789473684215
330  "USC" with pagerank: 0.00026315789473684215
331  "Dayton" with pagerank: 0.00026315789473684215
332  "Central Methodist" with pagerank: 0.00026315789473684215
333  "Hofstra" with pagerank: 0.00026315789473684215
334  "Stonehill" with pagerank: 0.00026315789473684215
335  "Western Washington" with pagerank: 0.00026315789473684215
336  "Jacksonville State" with pagerank: 0.00026315789473684215
337  "Nicholls State" with pagerank: 0.00026315789473684215
338  "Pace" with pagerank: 0.00026315789473684215
339  "Southwest Baptist" with pagerank: 0.00026315789473684215
340  "Auburn" with pagerank: 0.00026315789473684215
341  "Morehouse" with pagerank: 0.00026315789473684215
342  "Central Arkansas" with pagerank: 0.00026315789473684215
343  "North Dakota" with pagerank: 0.00026315789473684215
344  "Southeastern Oklahoma" with pagerank: 0.00026315789473684215
345  "TCU" with pagerank: 0.00026315789473684215
346  "Nebraska" with pagerank: 0.00026315789473684215
347  "Indiana State" with pagerank: 0.00026315789473684215
348  "Tennessee State" with pagerank: 0.00026315789473684215
349  "Missouri S&T" with pagerank: 0.00026315789473684215
350  "Carthage" with pagerank: 0.00026315789473684215
351  "Wake Forest" with pagerank: 0.00026315789473684215
352  "East Central Oklahoma" with pagerank: 0.00026315789473684215
353  "Colorado" with pagerank: 0.00026315789473684215
354  "Wisconsin" with pagerank: 0.00026315789473684215
355  "Central Washington" with pagerank: 0.00026315789473684215
356  "Miami (OH)" with pagerank: 0.00026315789473684215
357  "Wofford" with pagerank: 0.00026315789473684215
358  "Kentucky Wesleyan" with pagerank: 0.00026315789473684215
359  "Middle Tennessee State" with pagerank: 0.00026315789473684215
360  "Oklahoma" with pagerank: 0.00026315789473684215
361  "Cornell" with pagerank: 0.00026315789473684215
362  "New Hampshire" with pagerank: 0.00026315789473684215
363  "Culver-Stockton" with pagerank: 0.00026315789473684215
364  "Chowan" with pagerank: 0.00026315789473684215
365  "Dartmouth" with pagerank: 0.00026315789473684215
366  "Princeton" with pagerank: 0.00026315789473684215
367  "Notre Dame" with pagerank: 0.00026315789473684215
368  "Vanderbilt" with pagerank: 0.00026315789473684215
369  "Northwestern" with pagerank: 0.00026315789473684215
370  "Columbia" with pagerank: 0.00026315789473684215
371  "South Dakota State" with pagerank: 0.00026315789473684215
372  "Georgia" with pagerank: 0.00026315789473684215
373  "Iowa" with pagerank: 0.00026315789473684215
374  "Oregon" with pagerank: 0.00026315789473684215
375  "Prairie View A&M" with pagerank: 0.00026315789473684215
376  "Lafayette" with pagerank: 0.00026315789473684215
377  "Florida State" with pagerank: 0.00026315789473684215
378  "Clark Atlanta" with pagerank: 0.00026315789473684215
379  "Eastern Kentucky" with pagerank: 0.00026315789473684215
380  "Charleston Southern" with pagerank: 0.00026315789473684215
381  "Butler" with pagerank: 0.00026315789473684215
382  "Indiana" with pagerank: 0.00026315789473684215
383  "Sam Houston State" with pagerank: 0.00026315789473684215
384  "Bucknell" with pagerank: 0.00026315789473684215
385  "North Carolina" with pagerank: 0.00026315789473684215
386  "Montana" with pagerank: 0.00026315789473684215
387  "Kentucky" with pagerank: 0.00026315789473684215
388  "Upper Iowa" with pagerank: 0.00026315789473684215
389  "Air Force" with pagerank: 0.00026315789473684215
390  "Pennsylvania" with pagerank: 0.00026315789473684215
391  "Connecticut" with pagerank: 0.00026315789473684215
392  "Louisiana-Lafayette" with pagerank: 0.00026315789473684215
393  "Cal Poly" with pagerank: 0.00026315789473684215
394  "Lehigh" with pagerank: 0.00026315789473684215
395  "Appalachian State" with pagerank: 0.00026315789473684215
396  "San Jose State" with pagerank: 0.00026315789473684215
397  "Southern Miss" with pagerank: 0.00026315789473684215
398  "Eastern Michigan" with pagerank: 0.00026315789473684215
399  "Livingstone" with pagerank: 0.00026315789473684215
400  "South Carolina State" with pagerank: 0.00026315789473684215
401  "Northern Colorado" with pagerank: 0.00026315789473684215
402  "Temple" with pagerank: 0.00026315789473684215
403  "Boston College" with pagerank: 0.00026315789473684215
404  "Mississippi State" with pagerank: 0.00026315789473684215
405  "Marshall" with pagerank: 0.00026315789473684215
406  "Navy" with pagerank: 0.00026315789473684215
407  "Wagner" with pagerank: 0.00026315789473684215
408  "South Carolina" with pagerank: 0.00026315789473684215
409  "Missouri State" with pagerank: 0.00026315789473684215
410  "Florida A&M" with pagerank: 0.00026315789473684215
411  "Chattanooga" with pagerank: 0.00026315789473684215
412  "Valparaiso" with pagerank: 0.00026315789473684215
413  "Tennessee" with pagerank: 0.00026315789473684215
414  "Rutgers" with pagerank: 0.00026315789473684215
415  "Colgate" with pagerank: 0.00026315789473684215
416  "Drake" with pagerank: 0.00026315789473684215
417  "Holy Cross" with pagerank: 0.00026315789473684215
418  "New Mexico" with pagerank: 0.00026315789473684215
419  "Stony Brook" with pagerank: 0.00026315789473684215
420  "Alabama State" with pagerank: 0.00026315789473684215
421  "St. Cloud State" with pagerank: 0.00026315789473684215
422  "St. Francis (PA)" with pagerank: 0.00026315789473684215
423  "Albany" with pagerank: 0.00026315789473684215
424  "Fayetteville State" with pagerank: 0.00026315789473684215
425  "McNeese State" with pagerank: 0.00026315789473684215
426  "Furman" with pagerank: 0.00026315789473684215
427  "Delaware Valley" with pagerank: 0.00026315789473684215
428  "Assumption" with pagerank: 0.00026315789473684215
429  "Alcorn State" with pagerank: 0.00026315789473684215
430  "Southern Connecticut State" with pagerank: 0.00026315789473684215
431  "Albion" with pagerank: 0.00026315789473684215
432  "Texas College" with pagerank: 0.00026315789473684215
433  "Bentley College" with pagerank: 0.00026315789473684215
434  "Morehead State" with pagerank: 0.00026315789473684215
435  "Johnson Smith" with pagerank: 0.00026315789473684215
436  "Virginia State" with pagerank: 0.00026315789473684215
437  "Louisiana-Monroe" with pagerank: 0.00026315789473684215
438  "Colorado State" with pagerank: 0.00026315789473684215
439  "Florida Atlantic" with pagerank: 0.00026315789473684215
440  "Kent State" with pagerank: 0.00026315789473684215
441  "St. Ambrose" with pagerank: 0.00026315789473684215
442  "Alabama A&M" with pagerank: 0.00026315789473684215
443  "Idaho State" with pagerank: 0.00026315789473684215
444  "Michigan State" with pagerank: 0.00026315789473684215
445  "Arkansas-Pine Bluff" with pagerank: 0.00026315789473684215
446  "UC Davis" with pagerank: 0.00026315789473684215
447  "Clemson" with pagerank: 0.00026315789473684215
448  "Elon" with pagerank: 0.00026315789473684215
449  "North Greenville" with pagerank: 0.00026315789473684215
450  "Texas Southern" with pagerank: 0.00026315789473684215
451  "North Texas" with pagerank: 0.00026315789473684215
452  "Texas A&M" with pagerank: 0.00026315789473684215
453  "Southern Virginia" with pagerank: 0.00026315789473684215
454  "Florida International" with pagerank: 0.00026315789473684215
455  "Texas A&M-Commerce" with pagerank: 0.00026315789473684215
456  "Presbyterian" with pagerank: 0.00026315789473684215
457  "Savannah State" with pagerank: 0.00026315789473684215
458  "Webber International" with pagerank: 0.00026315789473684215
459  "Angelo State" with pagerank: 0.00026315789473684215
460  "Southern University" with pagerank: 0.00026315789473684215
461  "Central State" with pagerank: 0.00026315789473684215
462  "Northern Illinois" with pagerank: 0.00026315789473684215
463  "Eastern Washington" with pagerank: 0.00026315789473684215
464  "North Carolina Central" with pagerank: 0.00026315789473684215
465  "Louisville" with pagerank: 0.00026315789473684215
466  "Tennessee-Martin" with pagerank: 0.00026315789473684215
467  "Jackson State" with pagerank: 0.00026315789473684215
468  "Western Illinois" with pagerank: 0.00026315789473684215
469  "Northern Arizona" with pagerank: 0.00026315789473684215
470  "Washington" with pagerank: 0.00026315789473684215
471  "Idaho" with pagerank: 0.00026315789473684215
472  "Illinois" with pagerank: 0.00026315789473684215
473  "Memphis" with pagerank: 0.00026315789473684215
474  "Utah State" with pagerank: 0.00026315789473684215
475  "San Diego State" with pagerank: 0.00026315789473684215
476  "James Madison" with pagerank: 0.00026315789473684215
477  "Grambling State" with pagerank: 0.00026315789473684215
478  "Western Michigan" with pagerank: 0.00026315789473684215
479  "Humboldt State" with pagerank: 0.00026315789473684215
480  "Mars Hill" with pagerank: 0.00026315789473684215
481  "Central Michigan" with pagerank: 0.00026315789473684215
482  "Cincinnati" with pagerank: 0.00026315789473684215
483  "Mississippi" with pagerank: 0.00026315789473684215
484  "Maine" with pagerank: 0.00026315789473684215
485  "Bowling Green" with pagerank: 0.00026315789473684215
486  "Louisiana Tech" with pagerank: 0.00026315789473684215
487  "Montana State" with pagerank: 0.00026315789473684215
488  "Quincy" with pagerank: 0.00026315789473684215
489  "Syracuse" with pagerank: 0.00026315789473684215
490  "Houston" with pagerank: 0.00026315789473684215
491  "Western Kentucky" with pagerank: 0.00026315789473684215
492  "Stephen F. Austin" with pagerank: 0.00026315789473684215
493  "Faulkner" with pagerank: 0.00026315789473684215
494  "Pittsburgh" with pagerank: 0.00026315789473684215
495  "Central Connecticut State" with pagerank: 0.00026315789473684215
496  "Maryland" with pagerank: 0.00026315789473684215
497  "Glenville State" with pagerank: 0.00026315789473684215
498  "Southeastern Louisiana" with pagerank: 0.00026315789473684215
499  "Northwestern State" with pagerank: 0.00026315789473684215
500  "Duke" with pagerank: 0.00026315789473684215
501  "Murray State" with pagerank: 0.00026315789473684215
502  "Hampton" with pagerank: 0.00026315789473684215
503  "Miami (FL)" with pagerank: 0.00026315789473684215
504  "Coastal Carolina" with pagerank: 0.00026315789473684215
505  "Hawaii" with pagerank: 0.00026315789473684215
506  "Weber State" with pagerank: 0.00026315789473684215
507  "Iowa State" with pagerank: 0.00026315789473684215
508  "Southern Illinois" with pagerank: 0.00026315789473684215
509  "Rhodes" with pagerank: 0.00026315789473684215
510  "California" with pagerank: 0.00026315789473684215
511  "Kansas" with pagerank: 0.00026315789473684215
512  "Concordia College" with pagerank: 0.00026315789473684215
513  "Youngstown State" with pagerank: 0.00026315789473684215
514  "Howard" with pagerank: 0.00026315789473684215
515  "Akron" with pagerank: 0.00026315789473684215
516  "Delta State" with pagerank: 0.00026315789473684215
517  "Stanford" with pagerank: 0.00026315789473684215
518  "Toledo" with pagerank: 0.00026315789473684215
519  "Langston" with pagerank: 0.00026315789473684215
520  "Virginia Tech" with pagerank: 0.00026315789473684215
521  "Nevada" with pagerank: 0.00026315789473684215
522  "Azusa Pacific" with pagerank: 0.00026315789473684215
523  "UNLV" with pagerank: 0.00026315789473684215
524  "Texas State" with pagerank: 0.00026315789473684215
525  "Georgia Southern" with pagerank: 0.00026315789473684215
526  "UCF" with pagerank: 0.00026315789473684215
527  "Northern Iowa" with pagerank: 0.00026315789473684215
528  "Richmond" with pagerank: 0.00026315789473684215
529  "Michigan" with pagerank: 0.00026315789473684215
530  "South Dakota" with pagerank: 0.00026315789473684215
531  "Washington State" with pagerank: 0.00026315789473684215
532  "Stillman" with pagerank: 0.00026315789473684215
533  "Towson" with pagerank: 0.00026315789473684215
534  "West Virginia" with pagerank: 0.00026315789473684215
535  "Delaware" with pagerank: 0.00026315789473684215
536  "UAB" with pagerank: 0.00026315789473684215
537  "Western Oregon" with pagerank: 0.00026315789473684215
538  "Villanova" with pagerank: 0.00026315789473684215
539  "Wyoming" with pagerank: 0.00026315789473684215
540  "Jacksonville" with pagerank: 0.00026315789473684215
541  "Illinois State" with pagerank: 0.00026315789473684215
542  "Citadel" with pagerank: 0.00026315789473684215
543  "Bryant University" with pagerank: 0.00026315789473684215
544  "Tennessee Tech" with pagerank: 0.00026315789473684215
545  "Northeastern" with pagerank: 0.00026315789473684215
546  "Sacramento State" with pagerank: 0.00026315789473684215
547  "Baker University" with pagerank: 0.00026315789473684215
548  "Western Carolina" with pagerank: 0.00026315789473684215
549  "Tulane" with pagerank: 0.00026315789473684215
550  "Rhode Island" with pagerank: 0.00026315789473684215
551  "Southeast Missouri State" with pagerank: 0.00026315789473684215
552  "New Mexico Highlands" with pagerank: 0.00026315789473684215
553  "Davidson" with pagerank: 0.00026315789473684215
554  "Benedict" with pagerank: 0.00026315789473684215
555  "Monmouth" with pagerank: 0.00026315789473684215
556  "Winston-Salem" with pagerank: 0.00026315789473684215
557  "Tusculum" with pagerank: 0.00026315789473684215
558  "Campbell" with pagerank: 0.00026315789473684215
559  "Duquesne" with pagerank: 0.00026315789473684215
560  "Norfolk State" with pagerank: 0.00026315789473684215
561  "Southern Utah" with pagerank: 0.00026315789473684215
562  "Cumberland University" with pagerank: 0.00026315789473684215
563  "Ohio" with pagerank: 0.00026315789473684215
564  "Buffalo" with pagerank: 0.00026315789473684215
565  "Adams State" with pagerank: 0.00026315789473684215
566  "William & Mary" with pagerank: 0.00026315789473684215
567  "Virginia" with pagerank: 0.00026315789473684215
568  "Morgan State" with pagerank: 0.00026315789473684215
569  "Boise State" with pagerank: 0.00026315789473684215
Read time: 0.003864 seconds
Processing time: 0.060886 seconds

Number of iterations: 10
